support@idrive.com
support@ibackup.com
pagall@idrive.com
root@mysqlweb.idrivesync.com
root@analysisread.mysql.com.com
root@mysqlweb.idrivesync.com.com
root@analysisread.mysql.com
privacy@idrive.com
privacy@remotepc.com
info@idrive.com
info@remotepc.com
support@send.ibackup.com
support@send.remotepc.com
support@remotepc.com
support@send.idrive.com
root@analysis.mysql.com
no-reply@idrivee2.com
root@evsanalysis.mysql.com
root@readmysql.broker.com
root@www.zipdrive.com
root@backupsummary.mysql.com
root@localhost.localdomain
noreply@idrive.com
root@mysqlweb.remotepc.net
root@evs.read.stunnel.com
root@evsoregon.ibackup.com
root@mysql.remotepc.net
root@evsweb516.ibackup.com
root@ir-uploader-1-idrive-com.localdomain
root@gatewaydr1-2.idrivesync.com
root@mysql.broker.com
root@gateway-172-18-0-1
root@mysql-scripts.idrivemirror.com
root@move-server10-33-DR-ID
support@idrivemirror.com
root@backupsummaryread.mysql.com
root@server4-26.idrivesync.com
root@readmysql.remotepc.net
timschmidt@emails.usconcealedcarry.com
onlinesupport@hillsdale.edu
test@idrive.com
no-reply@login.com
system@sent-via.netsuite.com