2023-04-07 20:44:36,815:DEBUG:Level 1 : Email: doug@douglasjohnson.org Subject: Re: IDrive Synology User Feedback ID134083742 [#ID685211710]
2023-04-07 20:44:36,908:DEBUG:Level 1 : Email: main@braidmail.com Subject: Re: IDrive : Hi, [#ID861492086]
2023-04-07 20:44:44,576:DEBUG:Level 2: Email: lboucher@up.net Subject: IDrive Mac error report [#ID445385493
 ]
2023-04-07 20:44:54,856:DEBUG:Level 1 : Email: tanya@vltelecom.com Subject: Re: ***Important Your IDrive Yearly Subscription Charges: Unable  to
 process subscription charges [#ID591485242]
2023-04-07 20:44:54,922:DEBUG:Level 1 : Email: tanya@vltelecom.com Subject: Re: ***Important Your IDrive Yearly Subscription Charges: Unable  to
 process subscription charges [#ID591485242]
2023-04-07 20:44:56,325:DEBUG:Level 1 : Email: tanya@vltelecom.com Subject: Re: Re: ***Important Your IDrive Yearly Subscription Charges: Unable
  to process subscription charges [#ID591485242]
2023-04-07 20:44:56,863:DEBUG:Level 1 : Email: tanya@vltelecom.com Subject: Re: ***Important Your IDrive Yearly Subscription Charges: Unable  to
 process subscription charges [#ID591485242]
2023-04-07 20:44:56,959:DEBUG:Level 1 : Email: tanya@vltelecom.com Subject: Re: ***Important Your IDrive Yearly Subscription Charges: Unable  to
 process subscription charges [#ID591485242]
2023-04-07 20:45:04,561:DEBUG:Level 1 : Email: decoratz@yahoo.com Subject: Re: IDrive : Hello, I just subscribed to your service and am tr...  [#ID168705565]
2023-04-07 20:45:11,276:DEBUG:Level 2: Email: operations@thereddotgroup.org Subject: 
2023-04-07 20:45:15,689:DEBUG:Level 2: Email: jira@centersis-contafacil.atlassian.net Subject: POTSUP-10284 Your verification code to sign in to your IDrive account
2023-04-07 20:45:21,244:DEBUG:Level 1 : Email: anne@computer-hospital.com Subject: IDrive - anne@comphosp.com - reseller [#ID599897229]
2023-04-07 20:45:21,319:DEBUG:Level 1 : Email: anne@computer-hospital.com Subject: RE: IDrive - anne@comphosp.com - reseller [#ID599897229]
2023-04-07 20:45:21,459:DEBUG:Level 1 : Email: anne@computer-hospital.com Subject: FW: IDrive - anne@comphosp.com - reseller [#ID599897229]
2023-04-07 20:45:31,189:DEBUG:Level 2: Email: whiteboxtesting0@gmail.com Subject: Re: Vulnerability Report [X-frame By-Pass-Options]( Proxy protection
 NOT used)
2023-04-07 20:45:52,872:DEBUG:Level 2: Email: ishtiaquetdm@gmail.com Subject: IDrive: I. cannot upload the folder. Not more than 200 hundred photos
 at a time. selection show that the number of selected files but automatic
 stop after two hundred file although the data is on the work working fine.
2023-04-07 20:45:53,208:DEBUG:Level 1 : Email: jim.goell@gmail.com Subject: RE: Idrive-Plan downgrade [#ID704659626]
2023-04-07 20:46:09,241:DEBUG:Level 2: Email: support@kandeconsulting.com Subject: T20230403.0122 - IDrive 360 - Unlimited Cloud Storage for Endpoint
 Backup - Save 25% off! - Your Ticket Has Been Received
2023-04-07 20:46:10,103:DEBUG:Level 2: Email: noreply@atera.com Subject: [#32786] Support Request Received
2023-04-07 20:46:10,991:DEBUG:Level 1 : Email: ralphdaub@gmail.com Subject: Re: IDrive : Hi there, [#ID277328021]
2023-04-07 20:46:11,069:DEBUG:Level 1 : Email: ralphdaub@gmail.com Subject: Re: IDrive : Hi there, [#ID277328021]
2023-04-07 20:46:17,995:DEBUG:Level 2: Email: 23099ax@gmail.com Subject: =?utf-8?B?2LXZiNix?=
2023-04-07 20:46:25,268:DEBUG:Level 2: Email: 4890@live.com Subject: =?gb2312?B?u9i4tDogSURyaXZlIGNvbXB1dGU6RGVhciBpZHJpdmVjb21wdXRlIHN1cHBv?=
 =?gb2312?B?cnQgdGVhbSxJIGFtIFJ5YW4uIE15ICBpZHJpdmVjb21wdXRlIGFjY291bnQg?=
 =?gb2312?B?aXMgNDg5MEBsaXZlLmNvbS4gSSBoYXZlIGVuY291bnRlcmVkIGEgcHJvYmxl?=
 =?gb2312?B?bSB3aXRoIG15ICB2cHMgaW5zdGFuY2UuIEl0IHNheXMgdGhhdCBJIGhhdmUg?=
 =?gb2312?B?dW5wYWlkIGJpbGxzIGFuZCBteSB2cHMgaW5zdGFuY2UgaGFzIGJlZW4gIHN1?=
 =?gb2312?Q?spended._However,_my_instance...?=
2023-04-07 20:46:27,893:DEBUG:Level 2: Email: newsletter@futuragroupsrl.com Subject: =?UTF-8?Q?Le_novit=C3=A0_di_Futura_Elettronica?=
2023-04-07 20:46:37,502:DEBUG:Level 2: Email: momof3girls1217@yahoo.com Subject: Hallowell, Julia - Case ID #ID182902959
2023-04-07 20:46:37,957:DEBUG:Level 2: Email: support@hybridtp.ie Subject: Service Desk Ticket Created: T20230402.0023 - Your IDrive account
 has reached the quota limit - Important (Hybrid Technology Partners)
2023-04-07 20:46:51,164:DEBUG:Level 2: Email: W.janke@shaw.ca Subject: =?UTF-8?Q?IDrive_:_Can=E2=80=99t_complete_backups?=
 =?UTF-8?Q?._App_stalls,_then_computer_...?=
2023-04-07 20:46:52,726:DEBUG:Level 1 : Email: bhaskar@ntc-us.com Subject: NTC - Hot List
2023-04-07 20:46:54,560:DEBUG:Level 2: Email: noreply@google.com Subject: Your Google data is ready to download
2023-04-07 20:46:54,625:DEBUG:Level 2: Email: umartoktoshev@gmail.com Subject: 
2023-04-07 20:46:57,662:DEBUG:Level 1 : Email: romesh.lankathilaka@googlemail.com Subject: Re: Hi, I'm trying to login to my account. But everyti [#ID447144109]
2023-04-07 20:47:18,893:DEBUG:Level 2: Email: amaliyadeluxx@gmail.com Subject: Re: ticket #ID392757217
2023-04-07 20:47:19,447:DEBUG:Level 2: Email: amaliyadeluxx@gmail.com Subject: ticket #ID392757217
2023-04-07 20:47:27,609:DEBUG:Level 2: Email: supportgroup@idrive.com Subject: Moderator's spam report for supportgroup@idrive.com
2023-04-07 20:47:44,279:DEBUG:Level 2: Email: supportgroup@idrive.com Subject: Moderator's spam report for supportgroup@idrive.com
2023-04-07 20:48:10,087:DEBUG:Level 2: Email: fasoolj@icloud.com Subject: =?utf-8?B?SURyaXZlOiDYqti62YrYsSDYudmG2YjYp9mGINio2LHZitivINin?=
 =?utf-8?B?2YTZg9iq2LHZiNmG2Yog?=
2023-04-07 20:48:31,236:DEBUG:Level 2: Email: adisbekt@bk.ru Subject: =?UTF-8?B?0JfQtNGA0LDQstGB0YLQstGD0LnRgtC1INGF0L7Rh9GDINGD0LfQvdCw0YI=?=
 =?UTF-8?B?0Ywg0L/QvtGH0LXQvNGDID8g0JjQtyDQt9CwINGH0LXQs9C+INC30LDQsdC7?=
 =?UTF-8?B?0L7QutC40YDQvtCy0LDQu9C4INC80L7QuSDQsNC60LrQsNGD0L3Rgj8gKzct?=
 =?UTF-8?B?OTAwLTY4Ni05Ni00Nw==?=
2023-04-07 20:48:36,486:DEBUG:Level 2: Email: supportgroup@idrive.com Subject: Moderator's spam report for supportgroup@idrive.com
2023-04-07 20:48:57,429:DEBUG:Level 2: Email: jira@centersis-contafacil.atlassian.net Subject: POTSUP-10285 Your verification code to sign in to your IDrive account
2023-04-07 20:49:23,967:DEBUG:Level 2: Email: ansar.pralackal@gmail.com Subject: =?UTF-8?Q?Re=3A_IDrive_Photos=3A_I_don=E2=80=99t_see_thumbnails_in_IDriv?=
	=?UTF-8?Q?e_photos_app_in_iOS=2E_I_always_see_only_plian_gray_rectangles?=
	=?UTF-8?Q?_instead=2E_Also_i_get_popup_windows_saying_decice_memory_full?=
	=?UTF-8?Q?=2E=2E_what=E2=80=99s_the_isue=3F_My_devzhas_morethan_enough_free_space_?=
	=?UTF-8?Q?=5B=23ID478279547=5D?=
2023-04-07 20:49:56,274:DEBUG:Level 1 : Email: aucesar@outlook.com.br Subject: RE: IDrive e2 [#ID415538285]
2023-04-07 20:50:05,787:DEBUG:Level 2: Email: brianna@fixthephoto.com Subject: =?UTF-8?Q?Re=3A_=F0=9F=9F=A6Link_exchange_offer_from_Fixthephoto?=
2023-04-07 20:50:05,916:DEBUG:Level 2: Email: brianna@fixthephoto.com Subject: =?UTF-8?Q?Re=3A_=F0=9F=9F=A6Link_exchange_offer_from_Fixthephoto?=
2023-04-07 20:50:06,340:DEBUG:Level 2: Email: brianna@fixthephoto.com Subject: =?UTF-8?Q?=F0=9F=9F=A6Link_exchange_offer_from_Fixthephoto?=
2023-04-07 20:50:06,440:DEBUG:Level 2: Email: brianna@fixthephoto.com Subject: =?UTF-8?Q?Re=3A_=F0=9F=9F=A6Link_exchange_offer_from_Fixthephoto?=
2023-04-07 20:50:11,988:DEBUG:Level 1 : Email: caroline.smithb2b2@gmail.com Subject: Email List Provider
