2025-12-15 21:06:58,029:ERROR:ParseMBox: expected string or bytes-like object, got 'NoneType' : alert@email.nexxt.com - Just Posted: 40 jobs that match your interest
Traceback (most recent call last):
  File "C:\Users\Sandeep Kumar\Desktop\search-ticketing\parse.py", line 318, in parse_mbox
    emails.extend(regex.findall(content[2]))
                  ^^^^^^^^^^^^^^^^^^^^^^^^^
TypeError: expected string or bytes-like object, got 'NoneType'
2025-12-15 21:06:59,299:ERROR:ParseMBox: expected string or bytes-like object, got 'NoneType' : jfw@email.nexxt.com - New Jobs Found in the Portland Area
Traceback (most recent call last):
  File "C:\Users\Sandeep Kumar\Desktop\search-ticketing\parse.py", line 318, in parse_mbox
    emails.extend(regex.findall(content[2]))
                  ^^^^^^^^^^^^^^^^^^^^^^^^^
TypeError: expected string or bytes-like object, got 'NoneType'
2025-12-15 21:06:59,389:ERROR:ParseMBox: expected string or bytes-like object, got 'NoneType' : TopJob@email.nexxt.com - Top Job: Lead Transmission Line
Traceback (most recent call last):
  File "C:\Users\Sandeep Kumar\Desktop\search-ticketing\parse.py", line 318, in parse_mbox
    emails.extend(regex.findall(content[2]))
                  ^^^^^^^^^^^^^^^^^^^^^^^^^
TypeError: expected string or bytes-like object, got 'NoneType'
2025-12-15 21:06:59,391:ERROR:argument should be a bytes-like object or ASCII string, not 'NoneType'
Traceback (most recent call last):
  File "C:\Users\Sandeep Kumar\Desktop\search-ticketing\parse.py", line 246, in get_attachment_size
    size = len(base64.b64decode(attachment_data))
               ^^^^^^^^^^^^^^^^^^^^^^^^^^^^^^^^^
  File "C:\Users\Sandeep Kumar\miniconda3\envs\ticketing\Lib\base64.py", line 83, in b64decode
    s = _bytes_from_decode_data(s)
        ^^^^^^^^^^^^^^^^^^^^^^^^^^
  File "C:\Users\Sandeep Kumar\miniconda3\envs\ticketing\Lib\base64.py", line 45, in _bytes_from_decode_data
    raise TypeError("argument should be a bytes-like object or ASCII "
TypeError: argument should be a bytes-like object or ASCII string, not 'NoneType'
2025-12-15 21:07:00,530:ERROR:ParseMBox: expected string or bytes-like object, got 'NoneType' : alert@email.nexxt.com - Alert: Network Monitoring Security, Systems Engineer, Senior
 Specialist Mast & more
Traceback (most recent call last):
  File "C:\Users\Sandeep Kumar\Desktop\search-ticketing\parse.py", line 318, in parse_mbox
    emails.extend(regex.findall(content[2]))
                  ^^^^^^^^^^^^^^^^^^^^^^^^^
TypeError: expected string or bytes-like object, got 'NoneType'
2025-12-15 21:07:00,667:ERROR:ParseMBox: expected string or bytes-like object, got 'NoneType' : alert@email.nexxt.com - Alert: We found 27 jobs in Portland, OR
Traceback (most recent call last):
  File "C:\Users\Sandeep Kumar\Desktop\search-ticketing\parse.py", line 318, in parse_mbox
    emails.extend(regex.findall(content[2]))
                  ^^^^^^^^^^^^^^^^^^^^^^^^^
TypeError: expected string or bytes-like object, got 'NoneType'
2025-12-15 21:07:37,372:ERROR:'NoneType' object has no attribute 'lower'
Traceback (most recent call last):
  File "C:\Users\Sandeep Kumar\Desktop\search-ticketing\searchTicket.py", line 383, in extractCustomerMessages
    similarity = findSimilarityScore(text1, text2)
                 ^^^^^^^^^^^^^^^^^^^^^^^^^^^^^^^^^
  File "C:\Users\Sandeep Kumar\Desktop\search-ticketing\searchTicket.py", line 363, in findSimilarityScore
    tfidf_matrix = vectorizer.fit_transform([doc1, doc2])
                   ^^^^^^^^^^^^^^^^^^^^^^^^^^^^^^^^^^^^^^
  File "C:\Users\Sandeep Kumar\miniconda3\envs\ticketing\Lib\site-packages\sklearn\feature_extraction\text.py", line 2133, in fit_transform
    X = super().fit_transform(raw_documents)
        ^^^^^^^^^^^^^^^^^^^^^^^^^^^^^^^^^^^^
  File "C:\Users\Sandeep Kumar\miniconda3\envs\ticketing\Lib\site-packages\sklearn\feature_extraction\text.py", line 1388, in fit_transform
    vocabulary, X = self._count_vocab(raw_documents, self.fixed_vocabulary_)
                    ^^^^^^^^^^^^^^^^^^^^^^^^^^^^^^^^^^^^^^^^^^^^^^^^^^^^^^^^
  File "C:\Users\Sandeep Kumar\miniconda3\envs\ticketing\Lib\site-packages\sklearn\feature_extraction\text.py", line 1275, in _count_vocab
    for feature in analyze(doc):
                   ^^^^^^^^^^^^
  File "C:\Users\Sandeep Kumar\miniconda3\envs\ticketing\Lib\site-packages\sklearn\feature_extraction\text.py", line 111, in _analyze
    doc = preprocessor(doc)
          ^^^^^^^^^^^^^^^^^
  File "C:\Users\Sandeep Kumar\miniconda3\envs\ticketing\Lib\site-packages\sklearn\feature_extraction\text.py", line 69, in _preprocess
    doc = doc.lower()
          ^^^^^^^^^
AttributeError: 'NoneType' object has no attribute 'lower'
2025-12-15 21:07:38,028:ERROR:'NoneType' object has no attribute 'lower'
Traceback (most recent call last):
  File "C:\Users\Sandeep Kumar\Desktop\search-ticketing\searchTicket.py", line 383, in extractCustomerMessages
    similarity = findSimilarityScore(text1, text2)
                 ^^^^^^^^^^^^^^^^^^^^^^^^^^^^^^^^^
  File "C:\Users\Sandeep Kumar\Desktop\search-ticketing\searchTicket.py", line 363, in findSimilarityScore
    tfidf_matrix = vectorizer.fit_transform([doc1, doc2])
                   ^^^^^^^^^^^^^^^^^^^^^^^^^^^^^^^^^^^^^^
  File "C:\Users\Sandeep Kumar\miniconda3\envs\ticketing\Lib\site-packages\sklearn\feature_extraction\text.py", line 2133, in fit_transform
    X = super().fit_transform(raw_documents)
        ^^^^^^^^^^^^^^^^^^^^^^^^^^^^^^^^^^^^
  File "C:\Users\Sandeep Kumar\miniconda3\envs\ticketing\Lib\site-packages\sklearn\feature_extraction\text.py", line 1388, in fit_transform
    vocabulary, X = self._count_vocab(raw_documents, self.fixed_vocabulary_)
                    ^^^^^^^^^^^^^^^^^^^^^^^^^^^^^^^^^^^^^^^^^^^^^^^^^^^^^^^^
  File "C:\Users\Sandeep Kumar\miniconda3\envs\ticketing\Lib\site-packages\sklearn\feature_extraction\text.py", line 1275, in _count_vocab
    for feature in analyze(doc):
                   ^^^^^^^^^^^^
  File "C:\Users\Sandeep Kumar\miniconda3\envs\ticketing\Lib\site-packages\sklearn\feature_extraction\text.py", line 111, in _analyze
    doc = preprocessor(doc)
          ^^^^^^^^^^^^^^^^^
  File "C:\Users\Sandeep Kumar\miniconda3\envs\ticketing\Lib\site-packages\sklearn\feature_extraction\text.py", line 69, in _preprocess
    doc = doc.lower()
          ^^^^^^^^^
AttributeError: 'NoneType' object has no attribute 'lower'
2025-12-15 21:07:39,495:ERROR:'NoneType' object has no attribute 'lower'
Traceback (most recent call last):
  File "C:\Users\Sandeep Kumar\Desktop\search-ticketing\searchTicket.py", line 383, in extractCustomerMessages
    similarity = findSimilarityScore(text1, text2)
                 ^^^^^^^^^^^^^^^^^^^^^^^^^^^^^^^^^
  File "C:\Users\Sandeep Kumar\Desktop\search-ticketing\searchTicket.py", line 363, in findSimilarityScore
    tfidf_matrix = vectorizer.fit_transform([doc1, doc2])
                   ^^^^^^^^^^^^^^^^^^^^^^^^^^^^^^^^^^^^^^
  File "C:\Users\Sandeep Kumar\miniconda3\envs\ticketing\Lib\site-packages\sklearn\feature_extraction\text.py", line 2133, in fit_transform
    X = super().fit_transform(raw_documents)
        ^^^^^^^^^^^^^^^^^^^^^^^^^^^^^^^^^^^^
  File "C:\Users\Sandeep Kumar\miniconda3\envs\ticketing\Lib\site-packages\sklearn\feature_extraction\text.py", line 1388, in fit_transform
    vocabulary, X = self._count_vocab(raw_documents, self.fixed_vocabulary_)
                    ^^^^^^^^^^^^^^^^^^^^^^^^^^^^^^^^^^^^^^^^^^^^^^^^^^^^^^^^
  File "C:\Users\Sandeep Kumar\miniconda3\envs\ticketing\Lib\site-packages\sklearn\feature_extraction\text.py", line 1275, in _count_vocab
    for feature in analyze(doc):
                   ^^^^^^^^^^^^
  File "C:\Users\Sandeep Kumar\miniconda3\envs\ticketing\Lib\site-packages\sklearn\feature_extraction\text.py", line 111, in _analyze
    doc = preprocessor(doc)
          ^^^^^^^^^^^^^^^^^
  File "C:\Users\Sandeep Kumar\miniconda3\envs\ticketing\Lib\site-packages\sklearn\feature_extraction\text.py", line 69, in _preprocess
    doc = doc.lower()
          ^^^^^^^^^
AttributeError: 'NoneType' object has no attribute 'lower'
2025-12-15 21:07:39,743:ERROR:'NoneType' object has no attribute 'lower'
Traceback (most recent call last):
  File "C:\Users\Sandeep Kumar\Desktop\search-ticketing\searchTicket.py", line 383, in extractCustomerMessages
    similarity = findSimilarityScore(text1, text2)
                 ^^^^^^^^^^^^^^^^^^^^^^^^^^^^^^^^^
  File "C:\Users\Sandeep Kumar\Desktop\search-ticketing\searchTicket.py", line 363, in findSimilarityScore
    tfidf_matrix = vectorizer.fit_transform([doc1, doc2])
                   ^^^^^^^^^^^^^^^^^^^^^^^^^^^^^^^^^^^^^^
  File "C:\Users\Sandeep Kumar\miniconda3\envs\ticketing\Lib\site-packages\sklearn\feature_extraction\text.py", line 2133, in fit_transform
    X = super().fit_transform(raw_documents)
        ^^^^^^^^^^^^^^^^^^^^^^^^^^^^^^^^^^^^
  File "C:\Users\Sandeep Kumar\miniconda3\envs\ticketing\Lib\site-packages\sklearn\feature_extraction\text.py", line 1388, in fit_transform
    vocabulary, X = self._count_vocab(raw_documents, self.fixed_vocabulary_)
                    ^^^^^^^^^^^^^^^^^^^^^^^^^^^^^^^^^^^^^^^^^^^^^^^^^^^^^^^^
  File "C:\Users\Sandeep Kumar\miniconda3\envs\ticketing\Lib\site-packages\sklearn\feature_extraction\text.py", line 1275, in _count_vocab
    for feature in analyze(doc):
                   ^^^^^^^^^^^^
  File "C:\Users\Sandeep Kumar\miniconda3\envs\ticketing\Lib\site-packages\sklearn\feature_extraction\text.py", line 111, in _analyze
    doc = preprocessor(doc)
          ^^^^^^^^^^^^^^^^^
  File "C:\Users\Sandeep Kumar\miniconda3\envs\ticketing\Lib\site-packages\sklearn\feature_extraction\text.py", line 69, in _preprocess
    doc = doc.lower()
          ^^^^^^^^^
AttributeError: 'NoneType' object has no attribute 'lower'
2025-12-15 21:07:39,852:ERROR:'NoneType' object has no attribute 'lower'
Traceback (most recent call last):
  File "C:\Users\Sandeep Kumar\Desktop\search-ticketing\searchTicket.py", line 383, in extractCustomerMessages
    similarity = findSimilarityScore(text1, text2)
                 ^^^^^^^^^^^^^^^^^^^^^^^^^^^^^^^^^
  File "C:\Users\Sandeep Kumar\Desktop\search-ticketing\searchTicket.py", line 363, in findSimilarityScore
    tfidf_matrix = vectorizer.fit_transform([doc1, doc2])
                   ^^^^^^^^^^^^^^^^^^^^^^^^^^^^^^^^^^^^^^
  File "C:\Users\Sandeep Kumar\miniconda3\envs\ticketing\Lib\site-packages\sklearn\feature_extraction\text.py", line 2133, in fit_transform
    X = super().fit_transform(raw_documents)
        ^^^^^^^^^^^^^^^^^^^^^^^^^^^^^^^^^^^^
  File "C:\Users\Sandeep Kumar\miniconda3\envs\ticketing\Lib\site-packages\sklearn\feature_extraction\text.py", line 1388, in fit_transform
    vocabulary, X = self._count_vocab(raw_documents, self.fixed_vocabulary_)
                    ^^^^^^^^^^^^^^^^^^^^^^^^^^^^^^^^^^^^^^^^^^^^^^^^^^^^^^^^
  File "C:\Users\Sandeep Kumar\miniconda3\envs\ticketing\Lib\site-packages\sklearn\feature_extraction\text.py", line 1275, in _count_vocab
    for feature in analyze(doc):
                   ^^^^^^^^^^^^
  File "C:\Users\Sandeep Kumar\miniconda3\envs\ticketing\Lib\site-packages\sklearn\feature_extraction\text.py", line 111, in _analyze
    doc = preprocessor(doc)
          ^^^^^^^^^^^^^^^^^
  File "C:\Users\Sandeep Kumar\miniconda3\envs\ticketing\Lib\site-packages\sklearn\feature_extraction\text.py", line 69, in _preprocess
    doc = doc.lower()
          ^^^^^^^^^
AttributeError: 'NoneType' object has no attribute 'lower'
2025-12-15 21:07:40,668:ERROR:'NoneType' object has no attribute 'lower'
Traceback (most recent call last):
  File "C:\Users\Sandeep Kumar\Desktop\search-ticketing\searchTicket.py", line 383, in extractCustomerMessages
    similarity = findSimilarityScore(text1, text2)
                 ^^^^^^^^^^^^^^^^^^^^^^^^^^^^^^^^^
  File "C:\Users\Sandeep Kumar\Desktop\search-ticketing\searchTicket.py", line 363, in findSimilarityScore
    tfidf_matrix = vectorizer.fit_transform([doc1, doc2])
                   ^^^^^^^^^^^^^^^^^^^^^^^^^^^^^^^^^^^^^^
  File "C:\Users\Sandeep Kumar\miniconda3\envs\ticketing\Lib\site-packages\sklearn\feature_extraction\text.py", line 2133, in fit_transform
    X = super().fit_transform(raw_documents)
        ^^^^^^^^^^^^^^^^^^^^^^^^^^^^^^^^^^^^
  File "C:\Users\Sandeep Kumar\miniconda3\envs\ticketing\Lib\site-packages\sklearn\feature_extraction\text.py", line 1388, in fit_transform
    vocabulary, X = self._count_vocab(raw_documents, self.fixed_vocabulary_)
                    ^^^^^^^^^^^^^^^^^^^^^^^^^^^^^^^^^^^^^^^^^^^^^^^^^^^^^^^^
  File "C:\Users\Sandeep Kumar\miniconda3\envs\ticketing\Lib\site-packages\sklearn\feature_extraction\text.py", line 1275, in _count_vocab
    for feature in analyze(doc):
                   ^^^^^^^^^^^^
  File "C:\Users\Sandeep Kumar\miniconda3\envs\ticketing\Lib\site-packages\sklearn\feature_extraction\text.py", line 111, in _analyze
    doc = preprocessor(doc)
          ^^^^^^^^^^^^^^^^^
  File "C:\Users\Sandeep Kumar\miniconda3\envs\ticketing\Lib\site-packages\sklearn\feature_extraction\text.py", line 69, in _preprocess
    doc = doc.lower()
          ^^^^^^^^^
AttributeError: 'NoneType' object has no attribute 'lower'
2025-12-15 21:07:41,124:ERROR:'NoneType' object has no attribute 'lower'
Traceback (most recent call last):
  File "C:\Users\Sandeep Kumar\Desktop\search-ticketing\searchTicket.py", line 383, in extractCustomerMessages
    similarity = findSimilarityScore(text1, text2)
                 ^^^^^^^^^^^^^^^^^^^^^^^^^^^^^^^^^
  File "C:\Users\Sandeep Kumar\Desktop\search-ticketing\searchTicket.py", line 363, in findSimilarityScore
    tfidf_matrix = vectorizer.fit_transform([doc1, doc2])
                   ^^^^^^^^^^^^^^^^^^^^^^^^^^^^^^^^^^^^^^
  File "C:\Users\Sandeep Kumar\miniconda3\envs\ticketing\Lib\site-packages\sklearn\feature_extraction\text.py", line 2133, in fit_transform
    X = super().fit_transform(raw_documents)
        ^^^^^^^^^^^^^^^^^^^^^^^^^^^^^^^^^^^^
  File "C:\Users\Sandeep Kumar\miniconda3\envs\ticketing\Lib\site-packages\sklearn\feature_extraction\text.py", line 1388, in fit_transform
    vocabulary, X = self._count_vocab(raw_documents, self.fixed_vocabulary_)
                    ^^^^^^^^^^^^^^^^^^^^^^^^^^^^^^^^^^^^^^^^^^^^^^^^^^^^^^^^
  File "C:\Users\Sandeep Kumar\miniconda3\envs\ticketing\Lib\site-packages\sklearn\feature_extraction\text.py", line 1275, in _count_vocab
    for feature in analyze(doc):
                   ^^^^^^^^^^^^
  File "C:\Users\Sandeep Kumar\miniconda3\envs\ticketing\Lib\site-packages\sklearn\feature_extraction\text.py", line 111, in _analyze
    doc = preprocessor(doc)
          ^^^^^^^^^^^^^^^^^
  File "C:\Users\Sandeep Kumar\miniconda3\envs\ticketing\Lib\site-packages\sklearn\feature_extraction\text.py", line 69, in _preprocess
    doc = doc.lower()
          ^^^^^^^^^
AttributeError: 'NoneType' object has no attribute 'lower'
2025-12-15 21:07:41,734:ERROR:'NoneType' object has no attribute 'lower'
Traceback (most recent call last):
  File "C:\Users\Sandeep Kumar\Desktop\search-ticketing\searchTicket.py", line 383, in extractCustomerMessages
    similarity = findSimilarityScore(text1, text2)
                 ^^^^^^^^^^^^^^^^^^^^^^^^^^^^^^^^^
  File "C:\Users\Sandeep Kumar\Desktop\search-ticketing\searchTicket.py", line 363, in findSimilarityScore
    tfidf_matrix = vectorizer.fit_transform([doc1, doc2])
                   ^^^^^^^^^^^^^^^^^^^^^^^^^^^^^^^^^^^^^^
  File "C:\Users\Sandeep Kumar\miniconda3\envs\ticketing\Lib\site-packages\sklearn\feature_extraction\text.py", line 2133, in fit_transform
    X = super().fit_transform(raw_documents)
        ^^^^^^^^^^^^^^^^^^^^^^^^^^^^^^^^^^^^
  File "C:\Users\Sandeep Kumar\miniconda3\envs\ticketing\Lib\site-packages\sklearn\feature_extraction\text.py", line 1388, in fit_transform
    vocabulary, X = self._count_vocab(raw_documents, self.fixed_vocabulary_)
                    ^^^^^^^^^^^^^^^^^^^^^^^^^^^^^^^^^^^^^^^^^^^^^^^^^^^^^^^^
  File "C:\Users\Sandeep Kumar\miniconda3\envs\ticketing\Lib\site-packages\sklearn\feature_extraction\text.py", line 1275, in _count_vocab
    for feature in analyze(doc):
                   ^^^^^^^^^^^^
  File "C:\Users\Sandeep Kumar\miniconda3\envs\ticketing\Lib\site-packages\sklearn\feature_extraction\text.py", line 111, in _analyze
    doc = preprocessor(doc)
          ^^^^^^^^^^^^^^^^^
  File "C:\Users\Sandeep Kumar\miniconda3\envs\ticketing\Lib\site-packages\sklearn\feature_extraction\text.py", line 69, in _preprocess
    doc = doc.lower()
          ^^^^^^^^^
AttributeError: 'NoneType' object has no attribute 'lower'
2025-12-15 21:07:42,279:ERROR:'NoneType' object has no attribute 'lower'
Traceback (most recent call last):
  File "C:\Users\Sandeep Kumar\Desktop\search-ticketing\searchTicket.py", line 383, in extractCustomerMessages
    similarity = findSimilarityScore(text1, text2)
                 ^^^^^^^^^^^^^^^^^^^^^^^^^^^^^^^^^
  File "C:\Users\Sandeep Kumar\Desktop\search-ticketing\searchTicket.py", line 363, in findSimilarityScore
    tfidf_matrix = vectorizer.fit_transform([doc1, doc2])
                   ^^^^^^^^^^^^^^^^^^^^^^^^^^^^^^^^^^^^^^
  File "C:\Users\Sandeep Kumar\miniconda3\envs\ticketing\Lib\site-packages\sklearn\feature_extraction\text.py", line 2133, in fit_transform
    X = super().fit_transform(raw_documents)
        ^^^^^^^^^^^^^^^^^^^^^^^^^^^^^^^^^^^^
  File "C:\Users\Sandeep Kumar\miniconda3\envs\ticketing\Lib\site-packages\sklearn\feature_extraction\text.py", line 1388, in fit_transform
    vocabulary, X = self._count_vocab(raw_documents, self.fixed_vocabulary_)
                    ^^^^^^^^^^^^^^^^^^^^^^^^^^^^^^^^^^^^^^^^^^^^^^^^^^^^^^^^
  File "C:\Users\Sandeep Kumar\miniconda3\envs\ticketing\Lib\site-packages\sklearn\feature_extraction\text.py", line 1275, in _count_vocab
    for feature in analyze(doc):
                   ^^^^^^^^^^^^
  File "C:\Users\Sandeep Kumar\miniconda3\envs\ticketing\Lib\site-packages\sklearn\feature_extraction\text.py", line 111, in _analyze
    doc = preprocessor(doc)
          ^^^^^^^^^^^^^^^^^
  File "C:\Users\Sandeep Kumar\miniconda3\envs\ticketing\Lib\site-packages\sklearn\feature_extraction\text.py", line 69, in _preprocess
    doc = doc.lower()
          ^^^^^^^^^
AttributeError: 'NoneType' object has no attribute 'lower'
2025-12-15 21:07:42,394:ERROR:'NoneType' object has no attribute 'lower'
Traceback (most recent call last):
  File "C:\Users\Sandeep Kumar\Desktop\search-ticketing\searchTicket.py", line 383, in extractCustomerMessages
    similarity = findSimilarityScore(text1, text2)
                 ^^^^^^^^^^^^^^^^^^^^^^^^^^^^^^^^^
  File "C:\Users\Sandeep Kumar\Desktop\search-ticketing\searchTicket.py", line 363, in findSimilarityScore
    tfidf_matrix = vectorizer.fit_transform([doc1, doc2])
                   ^^^^^^^^^^^^^^^^^^^^^^^^^^^^^^^^^^^^^^
  File "C:\Users\Sandeep Kumar\miniconda3\envs\ticketing\Lib\site-packages\sklearn\feature_extraction\text.py", line 2133, in fit_transform
    X = super().fit_transform(raw_documents)
        ^^^^^^^^^^^^^^^^^^^^^^^^^^^^^^^^^^^^
  File "C:\Users\Sandeep Kumar\miniconda3\envs\ticketing\Lib\site-packages\sklearn\feature_extraction\text.py", line 1388, in fit_transform
    vocabulary, X = self._count_vocab(raw_documents, self.fixed_vocabulary_)
                    ^^^^^^^^^^^^^^^^^^^^^^^^^^^^^^^^^^^^^^^^^^^^^^^^^^^^^^^^
  File "C:\Users\Sandeep Kumar\miniconda3\envs\ticketing\Lib\site-packages\sklearn\feature_extraction\text.py", line 1275, in _count_vocab
    for feature in analyze(doc):
                   ^^^^^^^^^^^^
  File "C:\Users\Sandeep Kumar\miniconda3\envs\ticketing\Lib\site-packages\sklearn\feature_extraction\text.py", line 111, in _analyze
    doc = preprocessor(doc)
          ^^^^^^^^^^^^^^^^^
  File "C:\Users\Sandeep Kumar\miniconda3\envs\ticketing\Lib\site-packages\sklearn\feature_extraction\text.py", line 69, in _preprocess
    doc = doc.lower()
          ^^^^^^^^^
AttributeError: 'NoneType' object has no attribute 'lower'
2025-12-15 21:07:42,826:ERROR:'NoneType' object has no attribute 'lower'
Traceback (most recent call last):
  File "C:\Users\Sandeep Kumar\Desktop\search-ticketing\searchTicket.py", line 383, in extractCustomerMessages
    similarity = findSimilarityScore(text1, text2)
                 ^^^^^^^^^^^^^^^^^^^^^^^^^^^^^^^^^
  File "C:\Users\Sandeep Kumar\Desktop\search-ticketing\searchTicket.py", line 363, in findSimilarityScore
    tfidf_matrix = vectorizer.fit_transform([doc1, doc2])
                   ^^^^^^^^^^^^^^^^^^^^^^^^^^^^^^^^^^^^^^
  File "C:\Users\Sandeep Kumar\miniconda3\envs\ticketing\Lib\site-packages\sklearn\feature_extraction\text.py", line 2133, in fit_transform
    X = super().fit_transform(raw_documents)
        ^^^^^^^^^^^^^^^^^^^^^^^^^^^^^^^^^^^^
  File "C:\Users\Sandeep Kumar\miniconda3\envs\ticketing\Lib\site-packages\sklearn\feature_extraction\text.py", line 1388, in fit_transform
    vocabulary, X = self._count_vocab(raw_documents, self.fixed_vocabulary_)
                    ^^^^^^^^^^^^^^^^^^^^^^^^^^^^^^^^^^^^^^^^^^^^^^^^^^^^^^^^
  File "C:\Users\Sandeep Kumar\miniconda3\envs\ticketing\Lib\site-packages\sklearn\feature_extraction\text.py", line 1275, in _count_vocab
    for feature in analyze(doc):
                   ^^^^^^^^^^^^
  File "C:\Users\Sandeep Kumar\miniconda3\envs\ticketing\Lib\site-packages\sklearn\feature_extraction\text.py", line 111, in _analyze
    doc = preprocessor(doc)
          ^^^^^^^^^^^^^^^^^
  File "C:\Users\Sandeep Kumar\miniconda3\envs\ticketing\Lib\site-packages\sklearn\feature_extraction\text.py", line 69, in _preprocess
    doc = doc.lower()
          ^^^^^^^^^
AttributeError: 'NoneType' object has no attribute 'lower'
2025-12-15 21:07:43,167:ERROR:'NoneType' object has no attribute 'lower'
Traceback (most recent call last):
  File "C:\Users\Sandeep Kumar\Desktop\search-ticketing\searchTicket.py", line 383, in extractCustomerMessages
    similarity = findSimilarityScore(text1, text2)
                 ^^^^^^^^^^^^^^^^^^^^^^^^^^^^^^^^^
  File "C:\Users\Sandeep Kumar\Desktop\search-ticketing\searchTicket.py", line 363, in findSimilarityScore
    tfidf_matrix = vectorizer.fit_transform([doc1, doc2])
                   ^^^^^^^^^^^^^^^^^^^^^^^^^^^^^^^^^^^^^^
  File "C:\Users\Sandeep Kumar\miniconda3\envs\ticketing\Lib\site-packages\sklearn\feature_extraction\text.py", line 2133, in fit_transform
    X = super().fit_transform(raw_documents)
        ^^^^^^^^^^^^^^^^^^^^^^^^^^^^^^^^^^^^
  File "C:\Users\Sandeep Kumar\miniconda3\envs\ticketing\Lib\site-packages\sklearn\feature_extraction\text.py", line 1388, in fit_transform
    vocabulary, X = self._count_vocab(raw_documents, self.fixed_vocabulary_)
                    ^^^^^^^^^^^^^^^^^^^^^^^^^^^^^^^^^^^^^^^^^^^^^^^^^^^^^^^^
  File "C:\Users\Sandeep Kumar\miniconda3\envs\ticketing\Lib\site-packages\sklearn\feature_extraction\text.py", line 1275, in _count_vocab
    for feature in analyze(doc):
                   ^^^^^^^^^^^^
  File "C:\Users\Sandeep Kumar\miniconda3\envs\ticketing\Lib\site-packages\sklearn\feature_extraction\text.py", line 111, in _analyze
    doc = preprocessor(doc)
          ^^^^^^^^^^^^^^^^^
  File "C:\Users\Sandeep Kumar\miniconda3\envs\ticketing\Lib\site-packages\sklearn\feature_extraction\text.py", line 69, in _preprocess
    doc = doc.lower()
          ^^^^^^^^^
AttributeError: 'NoneType' object has no attribute 'lower'
2025-12-15 21:07:43,837:ERROR:'NoneType' object has no attribute 'lower'
Traceback (most recent call last):
  File "C:\Users\Sandeep Kumar\Desktop\search-ticketing\searchTicket.py", line 383, in extractCustomerMessages
    similarity = findSimilarityScore(text1, text2)
                 ^^^^^^^^^^^^^^^^^^^^^^^^^^^^^^^^^
  File "C:\Users\Sandeep Kumar\Desktop\search-ticketing\searchTicket.py", line 363, in findSimilarityScore
    tfidf_matrix = vectorizer.fit_transform([doc1, doc2])
                   ^^^^^^^^^^^^^^^^^^^^^^^^^^^^^^^^^^^^^^
  File "C:\Users\Sandeep Kumar\miniconda3\envs\ticketing\Lib\site-packages\sklearn\feature_extraction\text.py", line 2133, in fit_transform
    X = super().fit_transform(raw_documents)
        ^^^^^^^^^^^^^^^^^^^^^^^^^^^^^^^^^^^^
  File "C:\Users\Sandeep Kumar\miniconda3\envs\ticketing\Lib\site-packages\sklearn\feature_extraction\text.py", line 1388, in fit_transform
    vocabulary, X = self._count_vocab(raw_documents, self.fixed_vocabulary_)
                    ^^^^^^^^^^^^^^^^^^^^^^^^^^^^^^^^^^^^^^^^^^^^^^^^^^^^^^^^
  File "C:\Users\Sandeep Kumar\miniconda3\envs\ticketing\Lib\site-packages\sklearn\feature_extraction\text.py", line 1275, in _count_vocab
    for feature in analyze(doc):
                   ^^^^^^^^^^^^
  File "C:\Users\Sandeep Kumar\miniconda3\envs\ticketing\Lib\site-packages\sklearn\feature_extraction\text.py", line 111, in _analyze
    doc = preprocessor(doc)
          ^^^^^^^^^^^^^^^^^
  File "C:\Users\Sandeep Kumar\miniconda3\envs\ticketing\Lib\site-packages\sklearn\feature_extraction\text.py", line 69, in _preprocess
    doc = doc.lower()
          ^^^^^^^^^
AttributeError: 'NoneType' object has no attribute 'lower'
2025-12-15 21:07:44,467:ERROR:'NoneType' object has no attribute 'lower'
Traceback (most recent call last):
  File "C:\Users\Sandeep Kumar\Desktop\search-ticketing\searchTicket.py", line 383, in extractCustomerMessages
    similarity = findSimilarityScore(text1, text2)
                 ^^^^^^^^^^^^^^^^^^^^^^^^^^^^^^^^^
  File "C:\Users\Sandeep Kumar\Desktop\search-ticketing\searchTicket.py", line 363, in findSimilarityScore
    tfidf_matrix = vectorizer.fit_transform([doc1, doc2])
                   ^^^^^^^^^^^^^^^^^^^^^^^^^^^^^^^^^^^^^^
  File "C:\Users\Sandeep Kumar\miniconda3\envs\ticketing\Lib\site-packages\sklearn\feature_extraction\text.py", line 2133, in fit_transform
    X = super().fit_transform(raw_documents)
        ^^^^^^^^^^^^^^^^^^^^^^^^^^^^^^^^^^^^
  File "C:\Users\Sandeep Kumar\miniconda3\envs\ticketing\Lib\site-packages\sklearn\feature_extraction\text.py", line 1388, in fit_transform
    vocabulary, X = self._count_vocab(raw_documents, self.fixed_vocabulary_)
                    ^^^^^^^^^^^^^^^^^^^^^^^^^^^^^^^^^^^^^^^^^^^^^^^^^^^^^^^^
  File "C:\Users\Sandeep Kumar\miniconda3\envs\ticketing\Lib\site-packages\sklearn\feature_extraction\text.py", line 1275, in _count_vocab
    for feature in analyze(doc):
                   ^^^^^^^^^^^^
  File "C:\Users\Sandeep Kumar\miniconda3\envs\ticketing\Lib\site-packages\sklearn\feature_extraction\text.py", line 111, in _analyze
    doc = preprocessor(doc)
          ^^^^^^^^^^^^^^^^^
  File "C:\Users\Sandeep Kumar\miniconda3\envs\ticketing\Lib\site-packages\sklearn\feature_extraction\text.py", line 69, in _preprocess
    doc = doc.lower()
          ^^^^^^^^^
AttributeError: 'NoneType' object has no attribute 'lower'
2025-12-15 21:07:44,787:ERROR:'NoneType' object has no attribute 'lower'
Traceback (most recent call last):
  File "C:\Users\Sandeep Kumar\Desktop\search-ticketing\searchTicket.py", line 383, in extractCustomerMessages
    similarity = findSimilarityScore(text1, text2)
                 ^^^^^^^^^^^^^^^^^^^^^^^^^^^^^^^^^
  File "C:\Users\Sandeep Kumar\Desktop\search-ticketing\searchTicket.py", line 363, in findSimilarityScore
    tfidf_matrix = vectorizer.fit_transform([doc1, doc2])
                   ^^^^^^^^^^^^^^^^^^^^^^^^^^^^^^^^^^^^^^
  File "C:\Users\Sandeep Kumar\miniconda3\envs\ticketing\Lib\site-packages\sklearn\feature_extraction\text.py", line 2133, in fit_transform
    X = super().fit_transform(raw_documents)
        ^^^^^^^^^^^^^^^^^^^^^^^^^^^^^^^^^^^^
  File "C:\Users\Sandeep Kumar\miniconda3\envs\ticketing\Lib\site-packages\sklearn\feature_extraction\text.py", line 1388, in fit_transform
    vocabulary, X = self._count_vocab(raw_documents, self.fixed_vocabulary_)
                    ^^^^^^^^^^^^^^^^^^^^^^^^^^^^^^^^^^^^^^^^^^^^^^^^^^^^^^^^
  File "C:\Users\Sandeep Kumar\miniconda3\envs\ticketing\Lib\site-packages\sklearn\feature_extraction\text.py", line 1275, in _count_vocab
    for feature in analyze(doc):
                   ^^^^^^^^^^^^
  File "C:\Users\Sandeep Kumar\miniconda3\envs\ticketing\Lib\site-packages\sklearn\feature_extraction\text.py", line 111, in _analyze
    doc = preprocessor(doc)
          ^^^^^^^^^^^^^^^^^
  File "C:\Users\Sandeep Kumar\miniconda3\envs\ticketing\Lib\site-packages\sklearn\feature_extraction\text.py", line 69, in _preprocess
    doc = doc.lower()
          ^^^^^^^^^
AttributeError: 'NoneType' object has no attribute 'lower'
2025-12-15 21:07:45,854:ERROR:'NoneType' object has no attribute 'lower'
Traceback (most recent call last):
  File "C:\Users\Sandeep Kumar\Desktop\search-ticketing\searchTicket.py", line 383, in extractCustomerMessages
    similarity = findSimilarityScore(text1, text2)
                 ^^^^^^^^^^^^^^^^^^^^^^^^^^^^^^^^^
  File "C:\Users\Sandeep Kumar\Desktop\search-ticketing\searchTicket.py", line 363, in findSimilarityScore
    tfidf_matrix = vectorizer.fit_transform([doc1, doc2])
                   ^^^^^^^^^^^^^^^^^^^^^^^^^^^^^^^^^^^^^^
  File "C:\Users\Sandeep Kumar\miniconda3\envs\ticketing\Lib\site-packages\sklearn\feature_extraction\text.py", line 2133, in fit_transform
    X = super().fit_transform(raw_documents)
        ^^^^^^^^^^^^^^^^^^^^^^^^^^^^^^^^^^^^
  File "C:\Users\Sandeep Kumar\miniconda3\envs\ticketing\Lib\site-packages\sklearn\feature_extraction\text.py", line 1388, in fit_transform
    vocabulary, X = self._count_vocab(raw_documents, self.fixed_vocabulary_)
                    ^^^^^^^^^^^^^^^^^^^^^^^^^^^^^^^^^^^^^^^^^^^^^^^^^^^^^^^^
  File "C:\Users\Sandeep Kumar\miniconda3\envs\ticketing\Lib\site-packages\sklearn\feature_extraction\text.py", line 1275, in _count_vocab
    for feature in analyze(doc):
                   ^^^^^^^^^^^^
  File "C:\Users\Sandeep Kumar\miniconda3\envs\ticketing\Lib\site-packages\sklearn\feature_extraction\text.py", line 111, in _analyze
    doc = preprocessor(doc)
          ^^^^^^^^^^^^^^^^^
  File "C:\Users\Sandeep Kumar\miniconda3\envs\ticketing\Lib\site-packages\sklearn\feature_extraction\text.py", line 69, in _preprocess
    doc = doc.lower()
          ^^^^^^^^^
AttributeError: 'NoneType' object has no attribute 'lower'
