2022-10-10 17:41:44,725:WARNING:Subject: Resource limit succeeded for 10.10.1.155.idrive.com on 10.10.1.155.idrive.com : From: support@idrive.com : Emails in body : []
2022-10-10 17:41:44,727:WARNING:Subject: Resource limit succeeded for 10.10.1.155.idrive.com on 10.10.1.155.idrive.com : From: support@idrive.com : Emails in body : []
2022-10-10 17:41:44,729:WARNING:Subject: Resource limit succeeded for 10.10.1.155.idrive.com on 10.10.1.155.idrive.com : From: support@idrive.com : Emails in body : []
2022-10-10 17:41:44,731:WARNING:Subject: Resource limit succeeded for 10.10.1.155.idrive.com on 10.10.1.155.idrive.com : From: support@idrive.com : Emails in body : []
2022-10-10 17:41:44,737:WARNING:Subject: Connection failed for desktop-login on 10.10.1.133.idrive.com : From: support@idrive.com : Emails in body : []
2022-10-10 17:41:44,752:WARNING:Subject: Connection succeeded for desktop-login on 10.10.1.215.idrive.com : From: support@idrive.com : Emails in body : []
2022-10-10 17:41:45,043:WARNING:Subject: Connection failed for desktop-login on 10.10.1.131.idrive.com : From: support@idrive.com : Emails in body : []
2022-10-10 17:41:45,672:WARNING:Subject: Connection succeeded for tomcat on 192.168.1.4-www2.ibackup.com : From: support@idrive.com : Emails in body : []
2022-10-10 17:41:48,077:WARNING:Subject: Connection failed for tomcat-backend-check on 10.10.1.216.idrive.com : From: support@idrive.com : Emails in body : []
2022-10-10 17:41:49,614:WARNING:Subject: We need additional information about your business : From: service@intl.paypal.com : Emails in body : []
2022-10-10 17:41:49,634:WARNING:Subject: We need additional information about your business : From: service@intl.paypal.com : Emails in body : []
2022-10-10 17:41:49,711:WARNING:Subject: Connection failed for tomcat-backend-check on 10.10.1.155.idrive.com : From: support@idrive.com : Emails in body : []
2022-10-10 17:41:49,733:WARNING:Subject: Confirm your email to use your account : From: service@intl.paypal.com : Emails in body : []
2022-10-10 17:41:49,859:WARNING:Subject: Resource limit succeeded for 10.10.1.177.idrive.com on 10.10.1.177.idrive.com : From: support@idrive.com : Emails in body : []
2022-10-10 17:41:49,860:WARNING:Subject: Resource limit succeeded for 10.10.1.177.idrive.com on 10.10.1.177.idrive.com : From: support@idrive.com : Emails in body : []
2022-10-10 17:41:49,862:WARNING:Subject: Resource limit succeeded for 10.10.1.177.idrive.com on 10.10.1.177.idrive.com : From: support@idrive.com : Emails in body : []
2022-10-10 17:41:49,864:WARNING:Subject: Resource limit succeeded for 10.10.1.177.idrive.com on 10.10.1.177.idrive.com : From: support@idrive.com : Emails in body : []
2022-10-10 17:41:49,866:WARNING:Subject: Resource limit succeeded for 10.10.1.177.idrive.com on 10.10.1.177.idrive.com : From: support@idrive.com : Emails in body : []
2022-10-10 17:41:49,868:WARNING:Subject: Resource limit succeeded for 10.10.1.177.idrive.com on 10.10.1.177.idrive.com : From: support@idrive.com : Emails in body : []
2022-10-10 17:41:49,870:WARNING:Subject: Resource limit succeeded for 10.10.1.177.idrive.com on 10.10.1.177.idrive.com : From: support@idrive.com : Emails in body : []
2022-10-10 17:41:50,296:WARNING:Subject: IDrive account cancellation script failed : From: support@send.idrive.com : Emails in body : ['id_pd2809_001@idrive.com']
2022-10-10 17:41:50,298:WARNING:Subject: IDrive account cancellation script failed : From: support@send.idrive.com : Emails in body : ['chris+idrivemsp@layerti.com']
2022-10-10 17:41:50,301:WARNING:Subject: IDrive account cancellation script failed : From: support@send.idrive.com : Emails in body : ['adam.stocker@lafayette-engineering.com']
2022-10-10 17:41:50,303:WARNING:Subject: IDrive account cancellation script failed : From: support@send.idrive.com : Emails in body : ['wesselsjan10@gmail.com']
2022-10-10 17:41:50,305:WARNING:Subject: IDrive account cancellation script failed : From: support@send.idrive.com : Emails in body : []
2022-10-10 17:41:50,307:WARNING:Subject: IDrive account cancellation script failed : From: support@send.idrive.com : Emails in body : ['tomcutts@teccs.co.uk']
2022-10-10 17:41:50,311:WARNING:Subject: IDrive account cancellation script failed : From: support@send.idrive.com : Emails in body : ['skumar@skantech.co.uk']
2022-10-10 17:41:50,314:WARNING:Subject: IDrive account cancellation script failed : From: support@send.idrive.com : Emails in body : ['shellyb@dwallconst.com']
2022-10-10 17:41:50,316:WARNING:Subject: IDrive account cancellation script failed : From: support@send.idrive.com : Emails in body : ['richard@customfrp.com']
2022-10-10 17:41:50,318:WARNING:Subject: IDrive account cancellation script failed : From: support@send.idrive.com : Emails in body : []
2022-10-10 17:41:50,320:WARNING:Subject: IDrive account cancellation script failed : From: support@send.idrive.com : Emails in body : ['petersomjit@gmail.com']
2022-10-10 17:41:50,323:WARNING:Subject: IDrive account cancellation script failed : From: support@send.idrive.com : Emails in body : ['mike@mavindentalsolutions']
2022-10-10 17:41:50,325:WARNING:Subject: IDrive account cancellation script failed : From: support@send.idrive.com : Emails in body : ['megan.stoughton@yahoo.co']
2022-10-10 17:41:50,327:WARNING:Subject: IDrive account cancellation script failed : From: support@send.idrive.com : Emails in body : ['lee@primarynetworksupport.co.uk']
2022-10-10 17:41:50,330:WARNING:Subject: IDrive account cancellation script failed : From: support@send.idrive.com : Emails in body : ['kxkvi@outlook.com']
2022-10-10 17:41:50,333:WARNING:Subject: IDrive account cancellation script failed : From: support@send.idrive.com : Emails in body : ['joe.stanek3@gmail.com']
2022-10-10 17:41:50,336:WARNING:Subject: IDrive account cancellation script failed : From: support@send.idrive.com : Emails in body : ['jlo4u08@gmail.com']
2022-10-10 17:41:50,339:WARNING:Subject: IDrive account cancellation script failed : From: support@send.idrive.com : Emails in body : ['jbtaylor@nc.rr.com']
2022-10-10 17:41:50,341:WARNING:Subject: IDrive account cancellation script failed : From: support@send.idrive.com : Emails in body : ['info@mpg.gr']
2022-10-10 17:41:50,343:WARNING:Subject: IDrive account cancellation script failed : From: support@send.idrive.com : Emails in body : ['info@cgnent.com']
2022-10-10 17:41:50,347:WARNING:Subject: IDrive account cancellation script failed : From: support@send.idrive.com : Emails in body : ['indypg@gmail.com']
2022-10-10 17:41:50,350:WARNING:Subject: IDrive account cancellation script failed : From: support@send.idrive.com : Emails in body : ['idrive@robmeek.com']
2022-10-10 17:41:50,353:WARNING:Subject: IDrive account cancellation script failed : From: support@send.idrive.com : Emails in body : ['gem1@yahoo.com']
2022-10-10 17:41:50,355:WARNING:Subject: IDrive account cancellation script failed : From: support@send.idrive.com : Emails in body : ['fblbaccts@outlook.com']
2022-10-10 17:41:50,357:WARNING:Subject: IDrive account cancellation script failed : From: support@send.idrive.com : Emails in body : ['familia.vera@tuta.io']
2022-10-10 17:41:50,359:WARNING:Subject: IDrive account cancellation script failed : From: support@send.idrive.com : Emails in body : ['elham.karimpour1992@gmail']
2022-10-10 17:41:50,362:WARNING:Subject: IDrive account cancellation script failed : From: support@send.idrive.com : Emails in body : ['darius.calitz@hotmail.com']
2022-10-10 17:41:50,376:WARNING:Subject: IDrive account cancellation script failed : From: support@send.idrive.com : Emails in body : []
2022-10-10 17:41:50,378:WARNING:Subject: IDrive account cancellation script failed : From: support@send.idrive.com : Emails in body : ['brburus@cinci.rr.com']
2022-10-10 17:41:50,380:WARNING:Subject: IDrive account cancellation script failed : From: support@send.idrive.com : Emails in body : ['brandyptx@gmail.com']
2022-10-10 17:41:50,383:WARNING:Subject: IDrive account cancellation script failed : From: support@send.idrive.com : Emails in body : ['bradeagy@gmail.com']
2022-10-10 17:41:50,386:WARNING:Subject: IDrive account cancellation script failed : From: support@send.idrive.com : Emails in body : ['bilalsawan44@gmail.com']
2022-10-10 17:41:50,388:WARNING:Subject: IDrive account cancellation script failed : From: support@send.idrive.com : Emails in body : []
2022-10-10 17:41:50,406:WARNING:Subject: IDrive account cancellation script failed : From: support@send.idrive.com : Emails in body : ['bato.b@pm.me']
2022-10-10 17:41:50,409:WARNING:Subject: IDrive account cancellation script failed : From: support@send.idrive.com : Emails in body : ['drayton.leslie@gmail.com']
2022-10-10 17:41:50,411:WARNING:Subject: IDrive account cancellation script failed : From: support@send.idrive.com : Emails in body : ['leandro+zip@tinysoft.pt']
2022-10-10 17:41:50,412:WARNING:Subject: IDrive account cancellation script failed : From: support@send.idrive.com : Emails in body : ['bato.b@pm.me']
2022-10-10 17:41:50,430:WARNING:Subject: Confirm Your Email and Get Started : From: wix-team@notifications.wix.com : Emails in body : []
2022-10-10 17:41:50,434:WARNING:Subject: Connection succeeded for desktop-login on 10.10.1.155.idrive.com : From: support@idrive.com : Emails in body : []
2022-10-10 17:41:50,656:WARNING:Subject: Connection succeeded for tomcat on www.idrive.com : From: support@idrive.com : Emails in body : []
2022-10-10 17:41:50,657:WARNING:Subject: Connection succeeded for tomcat on www.idrive.com : From: support@idrive.com : Emails in body : []
2022-10-10 17:41:50,659:WARNING:Subject: Connection succeeded for tomcat on www.idrive.com : From: support@idrive.com : Emails in body : []
2022-10-10 17:41:50,661:WARNING:Subject: Connection succeeded for tomcat on www.idrive.com : From: support@idrive.com : Emails in body : []
2022-10-10 17:41:50,722:WARNING:Subject: Connection failed for desktop-login on 10.10.1.215.idrive.com : From: support@idrive.com : Emails in body : []
2022-10-10 17:41:50,793:WARNING:Subject: You added a new address : From: service@intl.paypal.com : Emails in body : ['info@idrive.co', 'info@idrive.com']
2022-10-10 17:41:50,893:WARNING:Subject: Connection succeeded for tomcat-backend-check on 10.10.1.155.idrive.com : From: support@idrive.com : Emails in body : []
2022-10-10 17:41:51,017:WARNING:Subject: Welcome to Wix : From: wix-team@emails.wix.com : Emails in body : []
2022-10-10 17:41:51,038:WARNING:Subject: Connection succeeded for tomcat-backend-check on 10.10.1.216.idrive.com : From: support@idrive.com : Emails in body : []
2022-10-10 17:41:51,053:WARNING:Subject: Connection succeeded for desktop-login on 10.10.1.216.idrive.com : From: support@idrive.com : Emails in body : []
2022-10-10 17:41:51,055:WARNING:Subject: Connection succeeded for desktop-login on 10.10.1.216.idrive.com : From: support@idrive.com : Emails in body : []
2022-10-10 17:41:51,584:WARNING:Subject: Two-factor authentication is disabled for your IBackup account : From: support@send.ibackup.com : Emails in body : []
2022-10-10 17:41:51,591:WARNING:Subject: Two-factor authentication is disabled for your IBackup account : From: support@send.ibackup.com : Emails in body : []
2022-10-10 17:41:54,351:WARNING:Subject: IDrive password update script failed : From: support@send.idrive.com : Emails in body : ['son@nsabbaghcpa.com']
2022-10-10 17:41:54,354:WARNING:Subject: IDrive password update script failed : From: support@send.idrive.com : Emails in body : ['son@nsabbaghcpa.com']
2022-10-10 17:41:54,357:WARNING:Subject: IDrive password update script failed : From: support@send.idrive.com : Emails in body : ['son@nsabbaghcpa.com']
2022-10-10 17:41:54,359:WARNING:Subject: IDrive password update script failed : From: support@send.idrive.com : Emails in body : ['son@nsabbaghcpa.com']
2022-10-10 17:41:54,362:WARNING:Subject: IDrive password update script failed : From: support@send.idrive.com : Emails in body : ['son@nsabbaghcpa.com']
2022-10-10 17:41:54,365:WARNING:Subject: IDrive password update script failed : From: support@send.idrive.com : Emails in body : ['son@nsabbaghcpa.com']
2022-10-10 17:41:54,368:WARNING:Subject: IDrive password update script failed : From: support@send.idrive.com : Emails in body : ['rs@westportchiro.com']
2022-10-10 17:41:54,371:WARNING:Subject: IDrive password update script failed : From: support@send.idrive.com : Emails in body : []
2022-10-10 17:41:54,373:WARNING:Subject: IDrive password update script failed : From: support@send.idrive.com : Emails in body : ['yosef@gmail.com']
2022-10-10 17:41:54,375:WARNING:Subject: IDrive password update script failed : From: support@send.idrive.com : Emails in body : ['yosef@gmail.com']
2022-10-10 17:41:54,414:WARNING:Subject: Connection failed for desktop-login on 10.10.1.223.idrive.com : From: support@idrive.com : Emails in body : []
2022-10-10 17:41:54,443:WARNING:Subject: Re: Idrive data erasure request - from Fff Kkk - request: GKYQIRL6  [#ID615178299] : From: support@idrive.com : Emails in body : []
2022-10-10 17:41:54,834:WARNING:Subject: Connection succeeded for desktop-login on 10.10.1.223.idrive.com : From: support@idrive.com : Emails in body : []
2022-10-10 17:41:54,888:WARNING:Subject: Connection failed for desktop-login on 10.10.1.155.idrive.com : From: support@idrive.com : Emails in body : []
2022-10-10 17:41:55,881:WARNING:Subject: IDrive account cancellation script failed : From: support@send.idrive.com : Emails in body : ['devonet@specializedmed.us']
2022-10-10 17:41:56,619:WARNING:Subject: Connection failed for tomcat on www.idrive.com : From: support@idrive.com : Emails in body : []
2022-10-10 17:41:56,621:WARNING:Subject: Connection failed for tomcat on www.idrive.com : From: support@idrive.com : Emails in body : []
2022-10-10 17:41:56,623:WARNING:Subject: Connection failed for tomcat on www.idrive.com : From: support@idrive.com : Emails in body : []
2022-10-10 17:41:56,624:WARNING:Subject: Connection failed for tomcat on www.idrive.com : From: support@idrive.com : Emails in body : []
2022-10-10 17:41:56,626:WARNING:Subject: Connection failed for tomcat on www.idrive.com : From: support@idrive.com : Emails in body : []
2022-10-10 17:41:56,628:WARNING:Subject: Connection failed for tomcat on www.idrive.com : From: support@idrive.com : Emails in body : []
2022-10-10 17:41:56,723:WARNING:Subject: [#27996] Support Request Received : From: support@idrivemirror.com : Emails in body : ['ubscribe@idrivemirror.com']
2022-10-10 17:41:56,726:WARNING:Subject: [#27979] Support Request Received : From: support@idrivemirror.com : Emails in body : ['ubscribe@idrivemirror.com']
2022-10-10 17:41:56,729:WARNING:Subject: [#27935] Support Request Received : From: support@idrivemirror.com : Emails in body : ['ubscribe@idrivemirror.com']
2022-10-10 17:41:56,733:WARNING:Subject: [#27908] Support Request Received : From: support@idrivemirror.com : Emails in body : ['ubscribe@idrivemirror.com']
2022-10-10 17:41:56,737:WARNING:Subject: [#27901] Support Request Received : From: support@idrivemirror.com : Emails in body : ['ubscribe@idrivemirror.com']
2022-10-10 17:41:56,740:WARNING:Subject: [#27824] Support Request Received : From: support@idrivemirror.com : Emails in body : ['ubscribe@idrivemirror.com']
2022-10-10 17:41:56,743:WARNING:Subject: [#27702] Support Request Received : From: support@idrivemirror.com : Emails in body : ['ubscribe@idrivemirror.com']
2022-10-10 17:41:56,747:WARNING:Subject: [#27663] Support Request Received : From: support@idrivemirror.com : Emails in body : ['ubscribe@idrivemirror.com']
2022-10-10 17:41:56,751:WARNING:Subject: [#27632] Support Request Received : From: support@idrivemirror.com : Emails in body : ['ubscribe@idrivemirror.com']
2022-10-10 17:41:56,755:WARNING:Subject: [#27596] Support Request Received : From: support@idrivemirror.com : Emails in body : ['ubscribe@idrivemirror.com']
2022-10-10 17:41:56,758:WARNING:Subject: [#27526] Support Request Received : From: support@idrivemirror.com : Emails in body : ['ubscribe@idrivemirror.com']
2022-10-10 17:41:56,761:WARNING:Subject: [#27504] Support Request Received : From: support@idrivemirror.com : Emails in body : ['ubscribe@idrivemirror.com']
2022-10-10 17:41:56,766:WARNING:Subject: [#27488] Support Request Received : From: support@idrivemirror.com : Emails in body : ['ubscribe@idrivemirror.com']
2022-10-10 17:41:56,849:WARNING:Subject: Connection failed for tomcat on 192.168.1.4-www2.ibackup.com : From: support@idrive.com : Emails in body : []
2022-10-10 17:41:57,262:WARNING:Subject: Connection succeeded for desktop-login on 10.10.1.216.idrive.com : From: support@idrive.com : Emails in body : []
2022-10-10 17:41:57,281:WARNING:Subject: Connection succeeded for tomcat on www.idrive.com : From: support@idrive.com : Emails in body : []
2022-10-10 17:41:57,283:WARNING:Subject: Connection succeeded for tomcat on www.idrive.com : From: support@idrive.com : Emails in body : []
2022-10-10 17:41:57,285:WARNING:Subject: Connection succeeded for tomcat on www.idrive.com : From: support@idrive.com : Emails in body : []
2022-10-10 17:41:57,287:WARNING:Subject: Connection succeeded for tomcat on www.idrive.com : From: support@idrive.com : Emails in body : []
2022-10-10 17:41:57,289:WARNING:Subject: Connection succeeded for tomcat on www.idrive.com : From: support@idrive.com : Emails in body : []
2022-10-10 17:41:57,290:WARNING:Subject: Connection succeeded for tomcat on www.idrive.com : From: support@idrive.com : Emails in body : []
2022-10-10 17:41:57,315:WARNING:Subject: Execution succeeded for tomcat on www.idrive.com : From: support@idrive.com : Emails in body : []
2022-10-10 17:41:57,617:WARNING:Subject: Critical: IDrive EVS account creation script Failed, retrying. -
 Priority level 10 : From: support@send.idrive.com : Emails in body : ['johndski@gmail.com']
2022-10-10 17:41:57,619:WARNING:Subject: Critical: IDrive EVS account creation script Failed, retrying. -
 Priority level 10 : From: support@send.idrive.com : Emails in body : ['sarah.o.stoe@gmail.com']
2022-10-10 17:41:57,622:WARNING:Subject: Critical: IDrive EVS account creation script Failed, retrying. -
 Priority level 10 : From: support@send.idrive.com : Emails in body : ['andesign@msn.com']
2022-10-10 17:41:57,624:WARNING:Subject: Critical: IDrive EVS account creation script Failed, retrying. -
 Priority level 10 : From: support@send.idrive.com : Emails in body : ['rayk2511@gmail.com']
2022-10-10 17:41:57,626:WARNING:Subject: Critical: IDrive EVS account creation script Failed, retrying. -
 Priority level 10 : From: support@send.idrive.com : Emails in body : []
2022-10-10 17:41:57,629:WARNING:Subject: Critical: IDrive EVS account creation script Failed, retrying. -
 Priority level 10 : From: support@send.idrive.com : Emails in body : ['dax@ftnet.us']
2022-10-10 17:41:57,631:WARNING:Subject: Critical: IDrive EVS account creation script Failed, retrying. -
 Priority level 10 : From: support@send.idrive.com : Emails in body : ['lightning351@live.com']
2022-10-10 17:41:57,634:WARNING:Subject: Critical: IDrive EVS account creation script Failed, retrying. -
 Priority level 10 : From: support@send.idrive.com : Emails in body : ['aazamjawad@gmail.com']
2022-10-10 17:41:57,637:WARNING:Subject: Critical: IDrive EVS account creation script Failed, retrying. -
 Priority level 10 : From: support@send.idrive.com : Emails in body : ['cruzer0321@gmail.com']
2022-10-10 17:41:57,639:WARNING:Subject: Critical: IDrive EVS account creation script Failed, retrying. -
 Priority level 10 : From: support@send.idrive.com : Emails in body : ['jwhippein@comcast.net']
2022-10-10 17:41:57,885:WARNING:Subject: Let clients book your services themselves : From: wix-team@emails.wix.com : Emails in body : []
2022-10-10 17:41:58,325:WARNING:Subject: Connection failed for desktop-login on 10.10.1.216.idrive.com : From: support@idrive.com : Emails in body : []
2022-10-10 17:41:58,327:WARNING:Subject: Connection failed for desktop-login on 10.10.1.216.idrive.com : From: support@idrive.com : Emails in body : []
2022-10-10 17:41:59,596:WARNING:Subject: Connection succeeded for desktop-login on 10.10.1.223.idrive.com : From: support@idrive.com : Emails in body : []
2022-10-10 17:41:59,646:WARNING:Subject: Resource limit matched for 10.10.1.219.idrive.com on 10.10.1.219.idrive.com : From: support@idrive.com : Emails in body : []
2022-10-10 17:41:59,648:WARNING:Subject: Resource limit matched for 10.10.1.219.idrive.com on 10.10.1.219.idrive.com : From: support@idrive.com : Emails in body : []
2022-10-10 17:41:59,650:WARNING:Subject: Resource limit matched for 10.10.1.219.idrive.com on 10.10.1.219.idrive.com : From: support@idrive.com : Emails in body : []
2022-10-10 17:41:59,663:WARNING:Subject: Connection failed for desktop-login on 10.10.1.223.idrive.com : From: support@idrive.com : Emails in body : []
2022-10-10 17:42:00,164:WARNING:Subject: Resource limit matched for 10.10.1.133.idrive.com on 10.10.1.133.idrive.com : From: support@idrive.com : Emails in body : []
2022-10-10 17:42:00,166:WARNING:Subject: Resource limit matched for 10.10.1.133.idrive.com on 10.10.1.133.idrive.com : From: support@idrive.com : Emails in body : []
2022-10-10 17:42:00,168:WARNING:Subject: Resource limit matched for 10.10.1.133.idrive.com on 10.10.1.133.idrive.com : From: support@idrive.com : Emails in body : []
2022-10-10 17:42:00,270:WARNING:Subject: https://info222941.wixsite.com/idrive-smart is now connected to PayPal : From: wix-team@notifications.wix.com : Emails in body : []
2022-10-10 17:42:00,960:WARNING:Subject: Connection succeeded for desktop-login on 10.10.1.155.idrive.com : From: support@idrive.com : Emails in body : []
2022-10-10 17:42:00,997:WARNING:Subject: Critical: IDrive EVS account creation script Failed, retrying. -
 Priority level 10 : From: support@send.idrive.com : Emails in body : ['jlmari@gmail.com']
2022-10-10 17:42:01,662:WARNING:Subject: Set Up Your PayPal Business Account : From: service@intl.paypal.com : Emails in body : []
2022-10-10 17:42:03,483:WARNING:Subject: Connection succeeded for desktop-login on 10.10.1.216.idrive.com : From: support@idrive.com : Emails in body : []
2022-10-10 17:42:03,821:WARNING:Subject: Connection failed for desktop-login on 10.10.1.155.idrive.com : From: support@idrive.com : Emails in body : []
2022-10-10 17:42:04,258:WARNING:Subject: Does not exist for tomcat on www.idrive.com : From: support@idrive.com : Emails in body : []
2022-10-10 17:42:04,649:WARNING:Subject: Execution failed for tomcat on www.idrive.com : From: support@idrive.com : Emails in body : []
2022-10-10 17:42:04,720:WARNING:Subject: Connection failed for tomcat on www.idrive.com : From: support@idrive.com : Emails in body : []
2022-10-10 17:42:04,721:WARNING:Subject: Connection failed for tomcat on www.idrive.com : From: support@idrive.com : Emails in body : []
2022-10-10 17:42:04,723:WARNING:Subject: Connection failed for tomcat on www.idrive.com : From: support@idrive.com : Emails in body : []
2022-10-10 17:42:04,724:WARNING:Subject: Connection failed for tomcat on www.idrive.com : From: support@idrive.com : Emails in body : []
2022-10-10 17:42:05,031:WARNING:Subject: Connection failed for desktop-login on 10.10.1.216.idrive.com : From: support@idrive.com : Emails in body : []
2022-10-10 17:42:05,191:WARNING:Subject: =?UTF-8?Q?Alvantia=3A_Comunicaci=C3=B3n_de_evaluaci=C3=B3n_de_proveedore?=
	=?UTF-8?Q?s?= : From: administracion2@alvantia.com : Emails in body : ['*protecciondedatos@alvantia.com', 'protecciondedatos@alvantia.com', 'protecciondedatos@alvanti']
2022-10-10 17:42:05,197:WARNING:Subject: Critical: IDrive EVS account creation script Failed, retrying. -
 Priority level 10 : From: support@send.idrive.com : Emails in body : ['ang00244@gmail.com']
2022-10-10 17:42:05,200:WARNING:Subject: Critical: IDrive EVS account creation script Failed, retrying. -
 Priority level 10 : From: support@send.idrive.com : Emails in body : ['basil.govinden@gmail.com']
2022-10-10 17:42:05,203:WARNING:Subject: Critical: IDrive EVS account creation script Failed, retrying. -
 Priority level 10 : From: support@send.idrive.com : Emails in body : ['smcoc@att.net']
2022-10-10 17:42:05,205:WARNING:Subject: Critical: IDrive EVS account creation script Failed, retrying. -
 Priority level 10 : From: support@send.idrive.com : Emails in body : ['raikkonenmiia@gmail.com']
2022-10-10 17:42:05,207:WARNING:Subject: Critical: IDrive EVS account creation script Failed, retrying. -
 Priority level 10 : From: support@send.idrive.com : Emails in body : ['davidnjaa@gmail.com']
2022-10-10 17:42:05,210:WARNING:Subject: Critical: IDrive EVS account creation script Failed, retrying. -
 Priority level 10 : From: support@send.idrive.com : Emails in body : ['frank@cassel.nl']
2022-10-10 17:42:05,213:WARNING:Subject: Critical: IDrive EVS account creation script Failed, retrying. -
 Priority level 10 : From: support@send.idrive.com : Emails in body : ['rob.billing@mail.com']
2022-10-10 17:42:05,215:WARNING:Subject: Critical: IDrive EVS account creation script Failed, retrying. -
 Priority level 10 : From: support@send.idrive.com : Emails in body : ['prabhat+1@pameten.com']
2022-10-10 17:42:05,217:WARNING:Subject: Critical: IDrive EVS account creation script Failed, retrying. -
 Priority level 10 : From: support@send.idrive.com : Emails in body : ['matt4563@gmail.com']
2022-10-10 17:42:05,220:WARNING:Subject: Critical: IDrive EVS account creation script Failed, retrying. -
 Priority level 10 : From: support@send.idrive.com : Emails in body : ['jaysonpunla@gmail.com']
2022-10-10 17:42:05,223:WARNING:Subject: Critical: IDrive EVS account creation script Failed, retrying. -
 Priority level 10 : From: support@send.idrive.com : Emails in body : []
2022-10-10 17:42:05,225:WARNING:Subject: Critical: IDrive EVS account creation script Failed, retrying. -
 Priority level 10 : From: support@send.idrive.com : Emails in body : ['cie.broutille@gmail.com']
2022-10-10 17:42:05,228:WARNING:Subject: Critical: IDrive EVS account creation script Failed, retrying. -
 Priority level 10 : From: support@send.idrive.com : Emails in body : []
2022-10-10 17:42:05,230:WARNING:Subject: Critical: IDrive EVS account creation script Failed, retrying. -
 Priority level 10 : From: support@send.idrive.com : Emails in body : ['septemb07_29@idrive.com']
2022-10-10 17:42:05,232:WARNING:Subject: Critical: IDrive EVS account creation script Failed, retrying. -
 Priority level 10 : From: support@send.idrive.com : Emails in body : ['septemb8_23@idrive.com']
2022-10-10 17:42:05,236:WARNING:Subject: Critical: IDrive EVS account creation script Failed, retrying. -
 Priority level 10 : From: support@send.idrive.com : Emails in body : ['septemb8_22@idrive.com']
2022-10-10 17:42:05,238:WARNING:Subject: Critical: IDrive EVS account creation script Failed, retrying. -
 Priority level 10 : From: support@send.idrive.com : Emails in body : ['septemb8_20@idrive.com']
2022-10-10 17:42:05,241:WARNING:Subject: Critical: IDrive EVS account creation script Failed, retrying. -
 Priority level 10 : From: support@send.idrive.com : Emails in body : ['septemb8_18@idrive.com']
2022-10-10 17:42:05,243:WARNING:Subject: Critical: IDrive EVS account creation script Failed, retrying. -
 Priority level 10 : From: support@send.idrive.com : Emails in body : ['id_pd2809_002@idrive.com']
2022-10-10 17:42:05,245:WARNING:Subject: Critical: IDrive EVS account creation script Failed, retrying. -
 Priority level 10 : From: support@send.idrive.com : Emails in body : ['septemb80_04@idrive.com']
2022-10-10 17:42:05,247:WARNING:Subject: Critical: IDrive EVS account creation script Failed, retrying. -
 Priority level 10 : From: support@send.idrive.com : Emails in body : ['vandana.k+2809_ireland@idrive.com']
2022-10-10 17:42:05,250:WARNING:Subject: Critical: IDrive EVS account creation script Failed, retrying. -
 Priority level 10 : From: support@send.idrive.com : Emails in body : ['septemb8_03@idrive.com']
2022-10-10 17:42:05,252:WARNING:Subject: Critical: IDrive EVS account creation script Failed, retrying. -
 Priority level 10 : From: support@send.idrive.com : Emails in body : ['jonathan1982isaac@gmail.com']
2022-10-10 17:42:05,256:WARNING:Subject: Critical: IDrive EVS account creation script Failed, retrying. -
 Priority level 10 : From: support@send.idrive.com : Emails in body : ['montgomerydean@hotmail.com']
2022-10-10 17:42:05,258:WARNING:Subject: Critical: IDrive EVS account creation script Failed, retrying. -
 Priority level 10 : From: support@send.idrive.com : Emails in body : ['info@creativebibini.com']
2022-10-10 17:42:05,261:WARNING:Subject: Critical: IDrive EVS account creation script Failed, retrying. -
 Priority level 10 : From: support@send.idrive.com : Emails in body : ['gerent@ntlworld.com']
2022-10-10 17:42:05,263:WARNING:Subject: Critical: IDrive EVS account creation script Failed, retrying. -
 Priority level 10 : From: support@send.idrive.com : Emails in body : ['philm@bpasystems.com.au']
2022-10-10 17:42:05,380:WARNING:Subject: Resource limit succeeded for 10.10.1.223.idrive.com on 10.10.1.223.idrive.com : From: support@idrive.com : Emails in body : []
2022-10-10 17:42:05,382:WARNING:Subject: Resource limit succeeded for 10.10.1.223.idrive.com on 10.10.1.223.idrive.com : From: support@idrive.com : Emails in body : []
2022-10-10 17:42:05,523:WARNING:Subject: Exists for tomcat on www.idrive.com : From: support@idrive.com : Emails in body : []
2022-10-10 17:42:05,659:WARNING:Subject: Connection succeeded for desktop-login on 10.10.1.131.idrive.com : From: support@idrive.com : Emails in body : []
2022-10-10 17:42:05,945:WARNING:Subject: Connection failed for desktop-login on 10.10.1.216.idrive.com : From: support@idrive.com : Emails in body : []
2022-10-10 17:42:05,987:WARNING:Subject: IDrive password update script failed : From: support@send.idrive.com : Emails in body : ['mr220088@aol.com']
2022-10-10 17:42:05,990:WARNING:Subject: IDrive password update script failed : From: support@send.idrive.com : Emails in body : ['mr220088@aol.com']
2022-10-10 17:42:05,992:WARNING:Subject: IDrive password update script failed : From: support@send.idrive.com : Emails in body : ['mr220088@aol.com']
2022-10-10 17:42:05,994:WARNING:Subject: IDrive password update script failed : From: support@send.idrive.com : Emails in body : ['mr220088@aol.com']
2022-10-10 17:42:05,996:WARNING:Subject: IDrive password update script failed : From: support@send.idrive.com : Emails in body : ['mr220088@aol.com']
2022-10-10 17:42:05,999:WARNING:Subject: IDrive password update script failed : From: support@send.idrive.com : Emails in body : ['mr220088@aol.com']
2022-10-10 17:42:06,001:WARNING:Subject: IDrive password update script failed : From: support@send.idrive.com : Emails in body : ['aeff@comcast.net']
2022-10-10 17:42:06,003:WARNING:Subject: IDrive password update script failed : From: support@send.idrive.com : Emails in body : []
2022-10-10 17:42:20,237:WARNING:Subject: Execution succeeded for tomcat on www.idrive.com : From: support@idrive.com : Emails in body : []
2022-10-10 17:42:20,694:WARNING:Subject: Connection failed for desktop-login on 10.10.1.223.idrive.com : From: support@idrive.com : Emails in body : []
2022-10-10 17:42:20,696:WARNING:Subject: Resource limit matched for 10.10.1.177.idrive.com on 10.10.1.177.idrive.com : From: support@idrive.com : Emails in body : []
2022-10-10 17:42:20,698:WARNING:Subject: Resource limit matched for 10.10.1.177.idrive.com on 10.10.1.177.idrive.com : From: support@idrive.com : Emails in body : []
2022-10-10 17:42:20,712:WARNING:Subject: Resource limit matched for 10.10.1.177.idrive.com on 10.10.1.177.idrive.com : From: support@idrive.com : Emails in body : []
2022-10-10 17:42:20,713:WARNING:Subject: Resource limit matched for 10.10.1.177.idrive.com on 10.10.1.177.idrive.com : From: support@idrive.com : Emails in body : []
2022-10-10 17:42:20,791:WARNING:Subject: Resource limit succeeded for 10.10.1.155.idrive.com on 10.10.1.155.idrive.com : From: support@idrive.com : Emails in body : []
2022-10-10 17:42:20,793:WARNING:Subject: Resource limit succeeded for 10.10.1.155.idrive.com on 10.10.1.155.idrive.com : From: support@idrive.com : Emails in body : []
2022-10-10 17:42:21,505:WARNING:Subject: Resource limit matched for 10.10.1.155.idrive.com on 10.10.1.155.idrive.com : From: support@idrive.com : Emails in body : []
2022-10-10 17:42:21,506:WARNING:Subject: Resource limit matched for 10.10.1.155.idrive.com on 10.10.1.155.idrive.com : From: support@idrive.com : Emails in body : []
2022-10-10 17:42:22,381:WARNING:Subject: IDrive password update script failed : From: support@send.idrive.com : Emails in body : ['er.bahattab.mb@gmail.com']
2022-10-10 17:42:22,384:WARNING:Subject: IDrive password update script failed : From: support@send.idrive.com : Emails in body : ['er.bahattab.mb@gmail.com']
2022-10-10 17:42:22,386:WARNING:Subject: IDrive password update script failed : From: support@send.idrive.com : Emails in body : ['er.bahattab.mb@gmail.com']
2022-10-10 17:42:22,463:WARNING:Subject: Resource limit matched for 10.10.1.177.idrive.com on 10.10.1.177.idrive.com : From: support@idrive.com : Emails in body : []
2022-10-10 17:42:22,465:WARNING:Subject: Resource limit matched for 10.10.1.177.idrive.com on 10.10.1.177.idrive.com : From: support@idrive.com : Emails in body : []
2022-10-10 17:42:25,150:WARNING:Subject: Connection failed for desktop-login on 10.10.1.223.idrive.com : From: support@idrive.com : Emails in body : []
2022-10-10 17:42:25,152:WARNING:Subject: Connection failed for desktop-login on 10.10.1.223.idrive.com : From: support@idrive.com : Emails in body : []
2022-10-10 17:42:25,154:WARNING:Subject: Connection failed for desktop-login on 10.10.1.223.idrive.com : From: support@idrive.com : Emails in body : []
2022-10-10 17:42:25,409:WARNING:Subject: Connection succeeded for tomcat on www.idrive.com : From: support@idrive.com : Emails in body : []
2022-10-10 17:42:25,411:WARNING:Subject: Connection succeeded for tomcat on www.idrive.com : From: support@idrive.com : Emails in body : []
2022-10-10 17:42:25,645:WARNING:Subject: Execution failed for tomcat on www.idrive.com : From: support@idrive.com : Emails in body : []
2022-10-10 17:42:25,728:WARNING:Subject: Connection failed for desktop-login on 10.10.1.133.idrive.com : From: support@idrive.com : Emails in body : []
2022-10-10 17:42:25,773:WARNING:Subject: Execution succeeded for tomcat on www.idrive.com : From: support@idrive.com : Emails in body : []
2022-10-10 17:42:25,774:WARNING:Subject: Execution succeeded for tomcat on www.idrive.com : From: support@idrive.com : Emails in body : []
2022-10-10 17:42:26,738:WARNING:Subject: Does not exist for tomcat on www.idrive.com : From: support@idrive.com : Emails in body : []
2022-10-10 17:42:27,152:WARNING:Subject: [#29054] Support Request Received : From: support@idrivemirror.com : Emails in body : ['ubscribe@idrivemirror.com']
2022-10-10 17:42:27,156:WARNING:Subject: [#29047] Support Request Received : From: support@idrivemirror.com : Emails in body : ['ubscribe@idrivemirror.com']
2022-10-10 17:42:27,160:WARNING:Subject: [#29044] Support Request Received : From: support@idrivemirror.com : Emails in body : ['ubscribe@idrivemirror.com']
2022-10-10 17:42:27,163:WARNING:Subject: [#29039] Support Request Received : From: support@idrivemirror.com : Emails in body : ['ubscribe@idrivemirror.com']
2022-10-10 17:42:27,168:WARNING:Subject: [#29027] Support Request Received : From: support@idrivemirror.com : Emails in body : ['ubscribe@idrivemirror.com']
2022-10-10 17:42:27,171:WARNING:Subject: [#28945] Support Request Received : From: support@idrivemirror.com : Emails in body : ['ubscribe@idrivemirror.com']
2022-10-10 17:42:27,174:WARNING:Subject: [#28922] Support Request Received : From: support@idrivemirror.com : Emails in body : ['ubscribe@idrivemirror.com']
2022-10-10 17:42:27,178:WARNING:Subject: [#28911] Support Request Received : From: support@idrivemirror.com : Emails in body : ['ubscribe@idrivemirror.com']
2022-10-10 17:42:27,182:WARNING:Subject: [#28899] Support Request Received : From: support@idrivemirror.com : Emails in body : ['ubscribe@idrivemirror.com']
2022-10-10 17:42:27,186:WARNING:Subject: [#28845] Support Request Received : From: support@idrivemirror.com : Emails in body : ['ubscribe@idrivemirror.com']
2022-10-10 17:42:27,189:WARNING:Subject: [#28836] Support Request Received : From: support@idrivemirror.com : Emails in body : ['ubscribe@idrivemirror.com']
2022-10-10 17:42:27,193:WARNING:Subject: [#28781] Support Request Received : From: support@idrivemirror.com : Emails in body : ['ubscribe@idrivemirror.com']
2022-10-10 17:42:27,198:WARNING:Subject: [#28754] Support Request Received : From: support@idrivemirror.com : Emails in body : ['ubscribe@idrivemirror.com']
2022-10-10 17:42:27,202:WARNING:Subject: [#28733] Support Request Received : From: support@idrivemirror.com : Emails in body : ['ubscribe@idrivemirror.com']
2022-10-10 17:42:27,205:WARNING:Subject: [#28723] Support Request Received : From: support@idrivemirror.com : Emails in body : ['ubscribe@idrivemirror.com']
2022-10-10 17:42:27,209:WARNING:Subject: [#28709] Support Request Received : From: support@idrivemirror.com : Emails in body : ['ubscribe@idrivemirror.com']
2022-10-10 17:42:27,212:WARNING:Subject: [#28708] Support Request Received : From: support@idrivemirror.com : Emails in body : ['ubscribe@idrivemirror.com']
2022-10-10 17:42:27,216:WARNING:Subject: [#28707] Support Request Received : From: support@idrivemirror.com : Emails in body : ['ubscribe@idrivemirror.com']
2022-10-10 17:42:27,221:WARNING:Subject: [#28669] Support Request Received : From: support@idrivemirror.com : Emails in body : ['ubscribe@idrivemirror.com']
2022-10-10 17:42:27,224:WARNING:Subject: [#28664] Support Request Received : From: support@idrivemirror.com : Emails in body : ['ubscribe@idrivemirror.com']
2022-10-10 17:42:27,228:WARNING:Subject: [#28458] Support Request Received : From: support@idrivemirror.com : Emails in body : ['ubscribe@idrivemirror.com']
2022-10-10 17:42:27,232:WARNING:Subject: [#28456] Support Request Received : From: support@idrivemirror.com : Emails in body : ['ubscribe@idrivemirror.com']
2022-10-10 17:42:27,236:WARNING:Subject: [#28378] Support Request Received : From: support@idrivemirror.com : Emails in body : ['ubscribe@idrivemirror.com']
2022-10-10 17:42:27,240:WARNING:Subject: [#28364] Support Request Received : From: support@idrivemirror.com : Emails in body : ['ubscribe@idrivemirror.com']
2022-10-10 17:42:27,244:WARNING:Subject: [#28220] Support Request Received : From: support@idrivemirror.com : Emails in body : ['ubscribe@idrivemirror.com']
2022-10-10 17:42:27,247:WARNING:Subject: [#28186] Support Request Received : From: support@idrivemirror.com : Emails in body : ['ubscribe@idrivemirror.com']
2022-10-10 17:42:27,251:WARNING:Subject: [#28166] Support Request Received : From: support@idrivemirror.com : Emails in body : ['ubscribe@idrivemirror.com']
2022-10-10 17:42:27,273:WARNING:Subject: Connection succeeded for desktop-login on 10.10.1.223.idrive.com : From: support@idrive.com : Emails in body : []
2022-10-10 17:42:27,660:WARNING:Subject: =?UTF-8?Q?Alvantia_sensibilizaci=C3=B3n_y_concienciaci=C3=B3n_con_el_m?=
	=?UTF-8?Q?edio_ambiente?= : From: administracion2@alvantia.com : Emails in body : ['*protecciondedatos@alvantia.com', 'protecciondedatos@alvantia.com']
2022-10-10 17:42:28,006:WARNING:Subject: Connection failed for desktop-login on 10.10.1.216.idrive.com : From: support@idrive.com : Emails in body : []
2022-10-10 17:42:28,026:WARNING:Subject: Resource limit succeeded for 10.10.1.133.idrive.com on 10.10.1.133.idrive.com : From: support@idrive.com : Emails in body : []
2022-10-10 17:42:28,128:WARNING:Subject: Resource limit matched for 10.10.1.133.idrive.com on 10.10.1.133.idrive.com : From: support@idrive.com : Emails in body : []
2022-10-10 17:42:29,625:WARNING:Subject: Connection succeeded for desktop-login on 10.10.1.216.idrive.com : From: support@idrive.com : Emails in body : []
2022-10-10 17:42:30,100:WARNING:Subject: Connection succeeded for tomcat on www.idrive.com : From: support@idrive.com : Emails in body : []
2022-10-10 17:42:30,102:WARNING:Subject: Connection succeeded for tomcat on www.idrive.com : From: support@idrive.com : Emails in body : []
2022-10-10 17:42:30,111:WARNING:Subject: Exists for tomcat on www.idrive.com : From: support@idrive.com : Emails in body : []
2022-10-10 17:42:30,504:WARNING:Subject: Resource limit matched for 10.10.1.219.idrive.com on 10.10.1.219.idrive.com : From: support@idrive.com : Emails in body : []
2022-10-10 17:42:30,507:WARNING:Subject: Resource limit matched for 10.10.1.219.idrive.com on 10.10.1.219.idrive.com : From: support@idrive.com : Emails in body : []
2022-10-10 17:42:30,509:WARNING:Subject: Resource limit matched for 10.10.1.219.idrive.com on 10.10.1.219.idrive.com : From: support@idrive.com : Emails in body : []
2022-10-10 17:42:30,522:WARNING:Subject: IDrive account cancellation script failed : From: support@send.idrive.com : Emails in body : ['devonet@specializedmed.us']
2022-10-10 17:42:30,525:WARNING:Subject: IDrive account cancellation script failed : From: support@send.idrive.com : Emails in body : ['miomorales@gmail.com']
2022-10-10 17:42:30,528:WARNING:Subject: IDrive account cancellation script failed : From: support@send.idrive.com : Emails in body : ['accounts@kennethjsloane.c']
2022-10-10 17:42:30,893:WARNING:Subject: Resource limit succeeded for 10.10.1.177.idrive.com on 10.10.1.177.idrive.com : From: support@idrive.com : Emails in body : []
2022-10-10 17:42:30,895:WARNING:Subject: Resource limit succeeded for 10.10.1.177.idrive.com on 10.10.1.177.idrive.com : From: support@idrive.com : Emails in body : []
2022-10-10 17:42:30,897:WARNING:Subject: Resource limit succeeded for 10.10.1.177.idrive.com on 10.10.1.177.idrive.com : From: support@idrive.com : Emails in body : []
2022-10-10 17:42:30,899:WARNING:Subject: Resource limit succeeded for 10.10.1.177.idrive.com on 10.10.1.177.idrive.com : From: support@idrive.com : Emails in body : []
2022-10-10 17:42:30,926:WARNING:Subject: Connection succeeded for desktop-login on 10.10.1.133.idrive.com : From: support@idrive.com : Emails in body : []
2022-10-10 17:42:30,989:WARNING:Subject: Execution failed for tomcat on www.idrive.com : From: support@idrive.com : Emails in body : []
2022-10-10 17:42:30,991:WARNING:Subject: Execution failed for tomcat on www.idrive.com : From: support@idrive.com : Emails in body : []
2022-10-10 17:42:31,127:WARNING:Subject: IDrive account cancellation script failed : From: support@send.idrive.com : Emails in body : ['devonet@specializedmed.us']
2022-10-10 17:42:31,143:WARNING:Subject: IDrive account cancellation script failed : From: support@send.idrive.com : Emails in body : ['vic@ercinc.com']
2022-10-10 17:42:31,146:WARNING:Subject: IDrive account cancellation script failed : From: support@send.idrive.com : Emails in body : ['tf19@hotmail.com']
2022-10-10 17:42:31,148:WARNING:Subject: IDrive account cancellation script failed : From: support@send.idrive.com : Emails in body : ['tf19@hotmail.com']
2022-10-10 17:42:31,151:WARNING:Subject: IDrive account cancellation script failed : From: support@send.idrive.com : Emails in body : ['tf19@hotmail.com']
2022-10-10 17:42:31,153:WARNING:Subject: IDrive account cancellation script failed : From: support@send.idrive.com : Emails in body : ['tf19@hotmail.com']
2022-10-10 17:42:31,156:WARNING:Subject: IDrive account cancellation script failed : From: support@send.idrive.com : Emails in body : ['tf19@hotmail.com']
2022-10-10 17:42:31,158:WARNING:Subject: IDrive account cancellation script failed : From: support@send.idrive.com : Emails in body : ['tf19@hotmail.com']
2022-10-10 17:42:31,161:WARNING:Subject: IDrive account cancellation script failed : From: support@send.idrive.com : Emails in body : ['tf19@hotmail.com']
2022-10-10 17:42:31,163:WARNING:Subject: IDrive account cancellation script failed : From: support@send.idrive.com : Emails in body : ['tf19@hotmail.com']
2022-10-10 17:42:31,166:WARNING:Subject: IDrive account cancellation script failed : From: support@send.idrive.com : Emails in body : ['tf19@hotmail.com']
2022-10-10 17:42:31,168:WARNING:Subject: IDrive account cancellation script failed : From: support@send.idrive.com : Emails in body : ['devonet@specializedmed.us']
2022-10-10 17:42:32,825:WARNING:Subject: Resource limit succeeded for 10.10.1.177.idrive.com on 10.10.1.177.idrive.com : From: support@idrive.com : Emails in body : []
2022-10-10 17:42:32,828:WARNING:Subject: Resource limit succeeded for 10.10.1.177.idrive.com on 10.10.1.177.idrive.com : From: support@idrive.com : Emails in body : []
2022-10-10 17:42:32,831:WARNING:Subject: Resource limit succeeded for 10.10.1.219.idrive.com on 10.10.1.219.idrive.com : From: support@idrive.com : Emails in body : []
2022-10-10 17:42:32,849:WARNING:Subject: Resource limit succeeded for 10.10.1.219.idrive.com on 10.10.1.219.idrive.com : From: support@idrive.com : Emails in body : []
2022-10-10 17:42:32,851:WARNING:Subject: Resource limit succeeded for 10.10.1.219.idrive.com on 10.10.1.219.idrive.com : From: support@idrive.com : Emails in body : []
2022-10-10 17:42:32,854:WARNING:Subject: Connection failed for tomcat on www.idrive.com : From: support@idrive.com : Emails in body : []
2022-10-10 17:42:32,856:WARNING:Subject: Connection failed for tomcat on www.idrive.com : From: support@idrive.com : Emails in body : []
2022-10-10 17:42:34,523:WARNING:Subject: Connection succeeded for desktop-login on 10.10.1.223.idrive.com : From: support@idrive.com : Emails in body : []
2022-10-10 17:42:34,525:WARNING:Subject: Connection succeeded for desktop-login on 10.10.1.223.idrive.com : From: support@idrive.com : Emails in body : []
2022-10-10 17:42:34,526:WARNING:Subject: Connection succeeded for desktop-login on 10.10.1.223.idrive.com : From: support@idrive.com : Emails in body : []
2022-10-10 17:42:35,278:WARNING:Subject: Connection failed for tomcat on www.idrive.com : From: support@idrive.com : Emails in body : []
2022-10-10 17:42:35,280:WARNING:Subject: Connection failed for tomcat on www.idrive.com : From: support@idrive.com : Emails in body : []
2022-10-10 17:44:47,389:WARNING:Email_Subject = Re: Ireland ID-EVS Prod 192.168.0.94 down. : Parsed Subject = Re: Ireland ID-EVS Prod 192.168.0.94 down.
2022-10-10 17:44:53,063:WARNING:Email_Subject = =?UTF-8?Q?Maker_Faire_Rome_2022=2C_scopri_le_novit=C3=A0_del?=
	=?UTF-8?Q?la_decima_edizione_selezionate_da_noi_e_usa?=
	=?UTF-8?Q?_il_nostro_codice_sconto=3A_7_euro_anzich=C3=A9_12?=
	=?UTF-8?Q?_?= : Parsed Subject = =?UTF-8?Q?Maker_Faire_Rome_2022=2C_scopri_le_novit=C3=A0_del?=
	=?UTF-8?Q?la_decima_edizione_selezionate_da_noi_e_usa?=
	=?UTF-8?Q?_il_nostro_codice_sconto=3A_7_euro_anzich=C3=A9_12?=
	=?UTF-8?Q?_?=
2022-10-10 17:44:56,171:WARNING:Email_Subject = =?utf-8?B?SeKAmWQgbGlrZSB0byBwbGFjZSBhIEdsb2NrIGluIHlvdXIgaGFu?=
	=?utf-8?B?ZHM=?= : Parsed Subject = =?utf-8?B?SeKAmWQgbGlrZSB0byBwbGFjZSBhIEdsb2NrIGluIHlvdXIgaGFu?=
	=?utf-8?B?ZHM=?=
2022-10-10 17:45:04,202:WARNING:Email_Subject = =?utf-8?B?W1dFQklOQVJdIEhvdyB0byBiZSBjb25maWRlbnQgYW5kIHByZXBh?=
	=?utf-8?B?cmVkIGFueXdoZXJlIOKApiBhbnl0aW1l?= : Parsed Subject = =?utf-8?B?W1dFQklOQVJdIEhvdyB0byBiZSBjb25maWRlbnQgYW5kIHByZXBh?=
	=?utf-8?B?cmVkIGFueXdoZXJlIOKApiBhbnl0aW1l?=
2022-10-10 17:45:16,471:WARNING:Email_Subject = Re: What is a good phone # I can call : Parsed Subject = Re: What is a good phone # I can call
2022-10-10 17:45:34,733:WARNING:Email_Subject = =?UTF-8?Q?Miniduino=3A_la_chiavetta_USB_con_Arduino?= : Parsed Subject = =?UTF-8?Q?Miniduino=3A_la_chiavetta_USB_con_Arduino?=
2022-10-10 17:45:44,971:WARNING:Email_Subject = =?UTF-8?Q?re=3A_IDrive_-_Verification_required!?= : Parsed Subject = =?UTF-8?Q?re=3A_IDrive_-_Verification_required!?=
2022-10-10 17:45:46,151:WARNING:Email_Subject = POTSUP-9275 Your verification code to sign in to your IDrive account : Parsed Subject = POTSUP-9275 Your verification code to sign in to your IDrive account
2022-10-10 17:46:01,157:WARNING:Email_Subject = IDrive : Ticket #ID911764706] : Parsed Subject = IDrive : Ticket #ID911764706]
2022-10-10 17:46:03,367:WARNING:Email_Subject =   : Parsed Subject = 
2022-10-10 17:46:25,357:WARNING:Email_Subject = RE: iDrive E2 Support on WordPress Sites : Parsed Subject = RE: iDrive E2 Support on WordPress Sites
2022-10-10 17:46:30,725:WARNING:Email_Subject =  : Parsed Subject = 
2022-10-10 17:46:41,519:WARNING:Email_Subject = [Voting Guide] Who do I vote for? : Parsed Subject = [Voting Guide] Who do I vote for?
2022-10-10 17:46:45,128:WARNING:Email_Subject = =?utf-8?Q?IDrive:_Help_casus_yaz=C4=B1l=C4=B1m?= : Parsed Subject = =?utf-8?Q?IDrive:_Help_casus_yaz=C4=B1l=C4=B1m?=
2022-10-10 17:47:00,224:WARNING:Email_Subject = =?utf-8?Q?IDrive:_My_videos_are_not_showing_up_on_my_timeline_an?=
 =?utf-8?Q?d_when_I_go_to_=E2=80=9Caccess_and_restore=E2=80=9D_th?=
 =?utf-8?Q?ere_are_videos_there_but_I_was_not_able_to_play_it_plu?=
 =?utf-8?Q?s_thumbnails_doesnt_show_in_the_video_folder_as_well?= : Parsed Subject = =?utf-8?Q?IDrive:_My_videos_are_not_showing_up_on_my_timeline_an?=
 =?utf-8?Q?d_when_I_go_to_=E2=80=9Caccess_and_restore=E2=80=9D_th?=
 =?utf-8?Q?ere_are_videos_there_but_I_was_not_able_to_play_it_plu?=
 =?utf-8?Q?s_thumbnails_doesnt_show_in_the_video_folder_as_well?=
2022-10-10 17:47:06,024:WARNING:Email_Subject = The email address at rlehman@solutionmanagers.com will no longer be
 active on 9/04/23. Please update your contact with raylehman3@gmail.com. : Parsed Subject = The email address at rlehman@solutionmanagers.com will no longer be
 active on 9/04/23. Please update your contact with raylehman3@gmail.com.
2022-10-10 17:47:29,525:WARNING:Email_Subject = =?UTF-8?Q?Ti_aspettiamo_al_Maker_Faire_di_Roma_dal_?=
	=?UTF-8?Q?7_al_9_Ottobre_2022_con_tantissime_novit=C3=A0?= : Parsed Subject = =?UTF-8?Q?Ti_aspettiamo_al_Maker_Faire_di_Roma_dal_?=
	=?UTF-8?Q?7_al_9_Ottobre_2022_con_tantissime_novit=C3=A0?=
2022-10-10 17:47:55,365:WARNING:Email_Subject = T20220927.0002 - Your Ticket Has Been Received : Parsed Subject = T20220927.0002 - Your Ticket Has Been Received
2022-10-10 17:47:58,123:WARNING:Email_Subject = IDrive account cancellation script failed : Parsed Subject = IDrive account cancellation script failed
2022-10-10 17:47:58,141:WARNING:Email_Subject = IDrive account cancellation script failed : Parsed Subject = IDrive account cancellation script failed
2022-10-10 17:48:00,777:WARNING:Email_Subject = IDrive account cancellation script failed : Parsed Subject = IDrive account cancellation script failed
2022-10-10 17:48:01,355:WARNING:Email_Subject = IDrive account cancellation script failed : Parsed Subject = IDrive account cancellation script failed
2022-10-10 17:48:02,331:WARNING:Email_Subject = IDrive account cancellation script failed : Parsed Subject = IDrive account cancellation script failed
2022-10-10 17:48:04,123:WARNING:Email_Subject = IDrive account cancellation script failed : Parsed Subject = IDrive account cancellation script failed
2022-10-10 17:48:04,958:WARNING:Email_Subject = IDrive account cancellation script failed : Parsed Subject = IDrive account cancellation script failed
2022-10-10 17:48:08,670:WARNING:Email_Subject = IDrive account cancellation script failed : Parsed Subject = IDrive account cancellation script failed
2022-10-10 17:48:10,825:WARNING:Email_Subject = IDrive account cancellation script failed : Parsed Subject = IDrive account cancellation script failed
2022-10-10 17:48:42,889:WARNING:Email_Subject =  : Parsed Subject = 
2022-10-10 17:50:08,818:WARNING:Email_Subject = =?utf-8?B?SGVyZeKAmXMgZXZlcnl0aGluZyB5b3UgbmVlZCB0byBrbm93Li4u?= : Parsed Subject = =?utf-8?B?SGVyZeKAmXMgZXZlcnl0aGluZyB5b3UgbmVlZCB0byBrbm93Li4u?=
2022-10-10 17:51:23,273:WARNING:Email_Subject = =?UTF-8?Q?Re=3A_Odp=3A_Reminder=3A_Your_IDrive_annual_renewal_is_coming_up!__=5B=23ID703616715=5D?= : Parsed Subject = =?UTF-8?Q?Re=3A_Odp=3A_Reminder=3A_Your_IDrive_annual_renewal_is_coming_up!__=5B=23ID703616715=5D?=
2022-10-10 17:51:23,487:WARNING:Email_Subject = =?UTF-8?Q?Re=3A_Odp=3A_Reminder=3A_Your_IDrive_annual_renewal_is_coming_up!__=5B=23ID703616715=5D?= : Parsed Subject = =?UTF-8?Q?Re=3A_Odp=3A_Reminder=3A_Your_IDrive_annual_renewal_is_coming_up!__=5B=23ID703616715=5D?=
2022-10-10 17:51:30,375:WARNING:Email_Subject = IDrive account cancellation script failed : Parsed Subject = IDrive account cancellation script failed
2022-10-10 17:51:39,293:WARNING:Email_Subject = =?UTF-8?Q?Tesla_Speaker=3A_la_bobina_che_suona?= : Parsed Subject = =?UTF-8?Q?Tesla_Speaker=3A_la_bobina_che_suona?=
2022-10-10 17:51:59,427:WARNING:Email_Subject = Your Google data is ready to download : Parsed Subject = Your Google data is ready to download
2022-10-10 17:52:22,511:WARNING:Email_Subject = ID884709219 : Parsed Subject = ID884709219
2022-10-10 17:52:39,976:WARNING:Email_Subject = Critical: IDrive EVS account creation script Failed, retrying. -
 Priority level 10 : Parsed Subject = Critical: IDrive EVS account creation script Failed, retrying. -
 Priority level 10
2022-10-10 17:52:42,163:WARNING:Email_Subject = Vulnerability Report : Weak Ciphers Enabled : Parsed Subject = Vulnerability Report : Weak Ciphers Enabled
2022-10-10 17:52:48,495:WARNING:Email_Subject = Moderator's spam report for supportgroup@idrive.com : Parsed Subject = Moderator's spam report for supportgroup@idrive.com
2022-10-10 17:52:51,977:WARNING:Email_Subject = Moderator's spam report for supportgroup@idrive.com : Parsed Subject = Moderator's spam report for supportgroup@idrive.com
2022-10-10 17:53:04,578:WARNING:Email_Subject = =?UTF-8?Q?Odp=3A_Reminder=3A_Your_IDrive_annual_renewal_is_coming_up!?= : Parsed Subject = =?UTF-8?Q?Odp=3A_Reminder=3A_Your_IDrive_annual_renewal_is_coming_up!?=
2022-10-10 17:53:08,167:WARNING:Email_Subject = =?utf-8?B?aXTigJlzIGhhcmQgdG8gYmVsaWV2ZeKApg==?= : Parsed Subject = =?utf-8?B?aXTigJlzIGhhcmQgdG8gYmVsaWV2ZeKApg==?=
2022-10-10 17:53:12,593:WARNING:Email_Subject = =?UTF-8?B?Q0hBTkdFIElOIEVNQUlMIElEIA==?= : Parsed Subject = =?UTF-8?B?Q0hBTkdFIElOIEVNQUlMIElEIA==?=
2022-10-10 17:53:16,366:WARNING:Email_Subject = [#3385] Support Request Received : Parsed Subject = [#3385] Support Request Received
2022-10-10 17:53:17,443:WARNING:Email_Subject = [#3384] Support Request Received : Parsed Subject = [#3384] Support Request Received
2022-10-10 17:53:25,857:WARNING:Email_Subject = Take A Look At Verizon Connect Users List : Parsed Subject = Take A Look At Verizon Connect Users List
2022-10-10 17:53:31,467:WARNING:Email_Subject = IDrive for Linux User Feedback [#111111] : Parsed Subject = IDrive for Linux User Feedback [#111111]
2022-10-10 17:53:46,506:WARNING:Email_Subject = Re: Drive issues : Parsed Subject = Re: Drive issues
2022-10-10 17:53:53,793:WARNING:Email_Subject = [Voting Guide] Make Your Voice Heard. : Parsed Subject = [Voting Guide] Make Your Voice Heard.
2022-10-10 17:53:54,073:WARNING:Email_Subject = IDrive e2 : Tesitng : Parsed Subject = IDrive e2 : Tesitng
2022-10-10 17:54:03,527:WARNING:Email_Subject = Problem with backup : Parsed Subject = Problem with backup
2022-10-10 17:54:03,822:WARNING:Email_Subject = Problem with backup : Parsed Subject = Problem with backup
2022-10-10 17:54:38,485:WARNING:Email_Subject =  : Parsed Subject = 
2022-10-10 17:55:26,398:WARNING:Email_Subject = =?UTF-8?Q?=E2=9C=85_Impara_ad_utilizza?=
	=?UTF-8?Q?re_Raspberry_Pi_=F0=9F=91=A8=E2=80=8D=F0=9F=8E=93?= : Parsed Subject = =?UTF-8?Q?=E2=9C=85_Impara_ad_utilizza?=
	=?UTF-8?Q?re_Raspberry_Pi_=F0=9F=91=A8=E2=80=8D=F0=9F=8E=93?=
2022-10-10 17:55:30,694:WARNING:Email_Subject = =?utf-8?q?Types_of_Freight_Shipping_Services_used_in_courier_services_?= =?utf-8?q?=E2=80=93_part_1?= : Parsed Subject = =?utf-8?q?Types_of_Freight_Shipping_Services_used_in_courier_services_?= =?utf-8?q?=E2=80=93_part_1?=
2022-10-10 17:55:31,128:WARNING:Email_Subject = This is how you define insanity : Parsed Subject = This is how you define insanity
2022-10-10 17:55:33,344:WARNING:Email_Subject = IDrive Synology User Feedback #ID755653479 : Parsed Subject = IDrive Synology User Feedback #ID755653479
2022-10-10 17:55:33,414:WARNING:Email_Subject = I want to fly you to Ft. Worth! : Parsed Subject = I want to fly you to Ft. Worth!
2022-10-10 17:56:12,972:WARNING:Email_Subject = =?UTF-8?Q?La_potenza_rivoluzionaria_delle_reti_5G_private?= : Parsed Subject = =?UTF-8?Q?La_potenza_rivoluzionaria_delle_reti_5G_private?=
2022-10-10 17:56:49,850:WARNING:Email_Subject = IDrive : #ID141129631 - please enable my service asap : Parsed Subject = IDrive : #ID141129631 - please enable my service asap
2022-10-10 17:56:54,103:WARNING:Email_Subject = =?utf-8?q?=F0=9F=98=B1Video_games_can_make_your_kids_study_more!?= : Parsed Subject = =?utf-8?q?=F0=9F=98=B1Video_games_can_make_your_kids_study_more!?=
2022-10-10 17:57:09,784:WARNING:Email_Subject = =?UTF-8?Q?Fwd=3A_=E2=8F=B0_Time_to_Renew=3F_Call_to_discuss_SAVINGS_oppo?=
	=?UTF-8?Q?rtunities_today=21?= : Parsed Subject = =?UTF-8?Q?Fwd=3A_=E2=8F=B0_Time_to_Renew=3F_Call_to_discuss_SAVINGS_oppo?=
	=?UTF-8?Q?rtunities_today=21?=
2022-10-10 17:57:18,635:WARNING:Email_Subject = =?utf-8?Q?Re:_IDrive:_=E2=80=9CClear_cache=E2=80=9D_bug_[#ID8834?=
 =?utf-8?Q?01576]?= : Parsed Subject = =?utf-8?Q?Re:_IDrive:_=E2=80=9CClear_cache=E2=80=9D_bug_[#ID8834?=
 =?utf-8?Q?01576]?=
2022-10-10 17:57:26,677:WARNING:Email_Subject = Early Bird Rates Expiring Soon For 2023... : Parsed Subject = Early Bird Rates Expiring Soon For 2023...
2022-10-10 17:57:37,293:WARNING:Email_Subject =  : Parsed Subject = 
2022-10-10 17:58:01,191:WARNING:Email_Subject = [ENDS SOON] Free trip, free guns + 2 free bonuses! : Parsed Subject = [ENDS SOON] Free trip, free guns + 2 free bonuses!
2022-10-10 17:58:02,071:WARNING:Email_Subject = =?UTF-8?Q?Alvantia=3A_Comunicaci=C3=B3n_de_evaluaci=C3=B3n_de_proveedore?=
	=?UTF-8?Q?s?= : Parsed Subject = =?UTF-8?Q?Alvantia=3A_Comunicaci=C3=B3n_de_evaluaci=C3=B3n_de_proveedore?=
	=?UTF-8?Q?s?=
2022-10-10 17:58:02,749:WARNING:Email_Subject = =?UTF-8?Q?Alvantia=3A_Comunicaci=C3=B3n_de_evaluaci=C3=B3n_de_proveedore?=
	=?UTF-8?Q?s?= : Parsed Subject = =?UTF-8?Q?Alvantia=3A_Comunicaci=C3=B3n_de_evaluaci=C3=B3n_de_proveedore?=
	=?UTF-8?Q?s?=
2022-10-10 17:58:03,359:WARNING:Email_Subject = Critical: IDrive EVS account creation script Failed, retrying. -
 Priority level 10 : Parsed Subject = Critical: IDrive EVS account creation script Failed, retrying. -
 Priority level 10
2022-10-10 17:58:05,165:WARNING:Email_Subject = Critical: IDrive EVS account creation script Failed, retrying. -
 Priority level 10 : Parsed Subject = Critical: IDrive EVS account creation script Failed, retrying. -
 Priority level 10
2022-10-10 17:58:06,409:WARNING:Email_Subject = Critical: IDrive EVS account creation script Failed, retrying. -
 Priority level 10 : Parsed Subject = Critical: IDrive EVS account creation script Failed, retrying. -
 Priority level 10
2022-10-10 17:58:29,113:WARNING:Email_Subject = Connection Error at Oregon : Parsed Subject = Connection Error at Oregon
2022-10-10 17:58:29,132:WARNING:Email_Subject = Connection Error at Oregon : Parsed Subject = Connection Error at Oregon
2022-10-10 17:58:40,309:WARNING:Email_Subject = Moderator's spam report for supportgroup@idrive.com : Parsed Subject = Moderator's spam report for supportgroup@idrive.com
2022-10-10 17:58:41,510:WARNING:Email_Subject = IDrive E2 broken prefix API handling : Parsed Subject = IDrive E2 broken prefix API handling
2022-10-10 17:58:42,360:WARNING:Email_Subject = IDrive password update script failed : Parsed Subject = IDrive password update script failed
2022-10-10 17:58:42,783:WARNING:Email_Subject = IDrive password update script failed : Parsed Subject = IDrive password update script failed
2022-10-10 17:58:43,143:WARNING:Email_Subject = IDrive password update script failed : Parsed Subject = IDrive password update script failed
2022-10-10 17:58:43,180:WARNING:Email_Subject = IDrive password update script failed : Parsed Subject = IDrive password update script failed
2022-10-10 17:58:43,300:WARNING:Email_Subject = IDrive password update script failed : Parsed Subject = IDrive password update script failed
2022-10-10 17:58:43,481:WARNING:Email_Subject = IDrive password update script failed : Parsed Subject = IDrive password update script failed
2022-10-10 17:58:45,261:WARNING:Email_Subject = Check Out Our 9,499 Verizon Connect Users List : Parsed Subject = Check Out Our 9,499 Verizon Connect Users List
2022-10-10 17:58:51,955:WARNING:Email_Subject = =?utf-8?B?Q2FuIHlvdSBTSE9PVCBhIGNvcOKAmXMgYXR0YWNrZXI/?= : Parsed Subject = =?utf-8?B?Q2FuIHlvdSBTSE9PVCBhIGNvcOKAmXMgYXR0YWNrZXI/?=
2022-10-10 17:58:52,740:WARNING:Email_Subject = Declining to play the game : Parsed Subject = Declining to play the game
2022-10-10 17:58:58,423:WARNING:Email_Subject = IDrive: I want to backup only camera pictures , but unfortunately I
 don't see any folder selection, : Parsed Subject = IDrive: I want to backup only camera pictures , but unfortunately I
 don't see any folder selection,
2022-10-10 17:59:10,762:WARNING:Email_Subject = =?UTF-8?B?Q0hBTkdFIElOIEVNQUlMIElEIA==?= : Parsed Subject = =?UTF-8?B?Q0hBTkdFIElOIEVNQUlMIElEIA==?=
2022-10-10 17:59:14,419:WARNING:Email_Subject = Re: SoundCloud : Parsed Subject = Re: SoundCloud
2022-10-10 17:59:35,964:WARNING:Email_Subject = =?UTF-8?B?UmVbMl06IElEcml2ZSA6IERlYXIgc2lyLCBJIHVzZSB1IGRyaXZlIGZyb20g?=
 =?UTF-8?B?bXkgYW5kcm9pZCBjZWxsIHBob25lLi4uICBbI0lEMjgzMTUzMzAzXQ==?= : Parsed Subject = =?UTF-8?B?UmVbMl06IElEcml2ZSA6IERlYXIgc2lyLCBJIHVzZSB1IGRyaXZlIGZyb20g?=
 =?UTF-8?B?bXkgYW5kcm9pZCBjZWxsIHBob25lLi4uICBbI0lEMjgzMTUzMzAzXQ==?=
2022-10-10 17:59:39,057:WARNING:Email_Subject = =?UTF-8?q?=D8=AD=D9=86=D9=8A=D9=86,_it=E2=80=99s_too_late_to_run_now!?= : Parsed Subject = =?UTF-8?q?=D8=AD=D9=86=D9=8A=D9=86,_it=E2=80=99s_too_late_to_run_now!?=
2022-10-10 17:59:44,765:WARNING:Email_Subject = Re: Premium Plans : Parsed Subject = Re: Premium Plans
2022-10-10 17:59:56,400:WARNING:Email_Subject = =?utf-8?Q?Please_delete_my_idrive_account_-_I_don=E2=80=99t_use_?=
 =?utf-8?Q?it?= : Parsed Subject = =?utf-8?Q?Please_delete_my_idrive_account_-_I_don=E2=80=99t_use_?=
 =?utf-8?Q?it?=
2022-10-10 18:00:00,845:WARNING:Email_Subject = POTSUP-9319 Your verification code to sign in to your IDrive account : Parsed Subject = POTSUP-9319 Your verification code to sign in to your IDrive account
2022-10-10 18:00:08,466:WARNING:Email_Subject = IDrive password update script failed : Parsed Subject = IDrive password update script failed
2022-10-10 18:00:09,088:WARNING:Email_Subject = IDrive password update script failed : Parsed Subject = IDrive password update script failed
2022-10-10 18:00:09,372:WARNING:Email_Subject = =?UTF-8?B?UmU6IElEcml2ZSBwYXNzd29yZCBpbmZvcm1hdGlvbg==?= : Parsed Subject = =?UTF-8?B?UmU6IElEcml2ZSBwYXNzd29yZCBpbmZvcm1hdGlvbg==?=
2022-10-10 18:00:09,634:WARNING:Email_Subject = IDrive password update script failed : Parsed Subject = IDrive password update script failed
2022-10-10 18:00:13,595:WARNING:Email_Subject = =?utf-8?B?UmU6wqBNVUhBTU1BRCBJSFNBTiBBTEk=?= : Parsed Subject = =?utf-8?B?UmU6wqBNVUhBTU1BRCBJSFNBTiBBTEk=?=
2022-10-10 18:00:17,029:WARNING:Email_Subject = IDrive e2 : Buenos =?UTF-8?B?ZMODwq1hcw==?= tengo un producto de
 almacenamiento co : Parsed Subject = IDrive e2 : Buenos =?UTF-8?B?ZMODwq1hcw==?= tengo un producto de
 almacenamiento co
2022-10-10 18:00:18,565:WARNING:Email_Subject = Seriously, Who DOES This? : Parsed Subject = Seriously, Who DOES This?
2022-10-10 18:00:19,961:WARNING:Email_Subject = =?UTF-8?Q?Telemetro_laser_professionale?= : Parsed Subject = =?UTF-8?Q?Telemetro_laser_professionale?=
2022-10-10 18:00:23,060:WARNING:Email_Subject = =?UTF-8?B?UmVbMl06IENvLWJyYW5kaW5nIFJlcXVlc3QgZm9yIElEcml2ZSBbI0lEOTM3?=
 =?UTF-8?B?MDM3MDYxXQ==?= : Parsed Subject = =?UTF-8?B?UmVbMl06IENvLWJyYW5kaW5nIFJlcXVlc3QgZm9yIElEcml2ZSBbI0lEOTM3?=
 =?UTF-8?B?MDM3MDYxXQ==?=
2022-10-10 18:00:26,475:WARNING:Email_Subject = =?utf-8?Q?Can=E2=80=99t_open_my_account?= : Parsed Subject = =?utf-8?Q?Can=E2=80=99t_open_my_account?=
2022-10-10 18:00:43,257:WARNING:Email_Subject = Picture this: : Parsed Subject = Picture this:
2022-10-10 18:01:03,814:WARNING:Email_Subject = Moderator's spam report for supportgroup@idrive.com : Parsed Subject = Moderator's spam report for supportgroup@idrive.com
2022-10-10 18:01:41,906:WARNING:Email_Subject = Convicted Felon Tells All : Parsed Subject = Convicted Felon Tells All
2022-10-10 18:01:43,390:WARNING:Email_Subject = Re: User invite email not received  [#RD577103952] : Parsed Subject = Re: User invite email not received  [#RD577103952]
2022-10-10 18:01:44,487:WARNING:Email_Subject = =?utf-8?B?UmU6wqBNVUhBTU1BRCBJSFNBTiBBTEkgIFsjSUQ2Nzc=?=
 =?utf-8?B?NjQ4NjYyXQ==?= : Parsed Subject = =?utf-8?B?UmU6wqBNVUhBTU1BRCBJSFNBTiBBTEkgIFsjSUQ2Nzc=?=
 =?utf-8?B?NjQ4NjYyXQ==?=
2022-10-10 18:01:46,717:WARNING:Email_Subject = =?UTF-8?Q?Alvantia_sensibilizaci=C3=B3n_y_concienciaci=C3=B3n_con_el_m?=
	=?UTF-8?Q?edio_ambiente?= : Parsed Subject = =?UTF-8?Q?Alvantia_sensibilizaci=C3=B3n_y_concienciaci=C3=B3n_con_el_m?=
	=?UTF-8?Q?edio_ambiente?=
2022-10-10 18:01:47,482:WARNING:Email_Subject = =?UTF-8?Q?Alvantia_sensibilizaci=C3=B3n_y_concienciaci=C3=B3n_con_el_m?=
	=?UTF-8?Q?edio_ambiente?= : Parsed Subject = =?UTF-8?Q?Alvantia_sensibilizaci=C3=B3n_y_concienciaci=C3=B3n_con_el_m?=
	=?UTF-8?Q?edio_ambiente?=
2022-10-10 18:01:53,923:WARNING:Email_Subject = =?utf-8?Q?RE:_IDrive=C3=82=C2=AE_Cloud:_Support_Requ?=
	=?utf-8?Q?est_=5B#ID278609233=5D?= : Parsed Subject = =?utf-8?Q?RE:_IDrive=C3=82=C2=AE_Cloud:_Support_Requ?=
	=?utf-8?Q?est_=5B#ID278609233=5D?=
2022-10-10 18:02:02,722:WARNING:Email_Subject =  : Parsed Subject = 
2022-10-10 18:02:04,511:WARNING:Email_Subject = Re: Hey there! Check out this app for inspiring, motivating quotes
 and sayings: https://motivation.app/download : Parsed Subject = Re: Hey there! Check out this app for inspiring, motivating quotes
 and sayings: https://motivation.app/download
2022-10-10 18:02:10,934:WARNING:Email_Subject = =?utf-8?B?UmU6wqBSZXF1ZXN0IHJlY2VpdmVkIC0gVGlja2V0IElEOiAxODY5MiAtIE1V?=
 =?utf-8?B?SEFNTUFEIElIU0FOIEFMSQ==?= : Parsed Subject = =?utf-8?B?UmU6wqBSZXF1ZXN0IHJlY2VpdmVkIC0gVGlja2V0IElEOiAxODY5MiAtIE1V?=
 =?utf-8?B?SEFNTUFEIElIU0FOIEFMSQ==?=
2022-10-10 18:02:11,387:WARNING:Email_Subject = Re: Request received - Ticket ID: 18692 - MUHAMMAD IHSAN ALI : Parsed Subject = Re: Request received - Ticket ID: 18692 - MUHAMMAD IHSAN ALI
2022-10-10 18:02:15,929:WARNING:Email_Subject = [#29385] Support Request Received : Parsed Subject = [#29385] Support Request Received
2022-10-10 18:02:16,842:WARNING:Email_Subject = =?UTF-8?B?UmU6ICoqKkltcG9ydGFudCBZb3VyIElEcml2ZSBZZWFybHkgU3Vic2NyaXB0?=
 =?UTF-8?B?aW9uIENoYXJnZXM6IFVuYWJsZSB0byBwcm9jZXNzIHN1YnNjcmlwdGlvbiBj?=
 =?UTF-8?B?aGFyZ2Vz?= : Parsed Subject = =?UTF-8?B?UmU6ICoqKkltcG9ydGFudCBZb3VyIElEcml2ZSBZZWFybHkgU3Vic2NyaXB0?=
 =?UTF-8?B?aW9uIENoYXJnZXM6IFVuYWJsZSB0byBwcm9jZXNzIHN1YnNjcmlwdGlvbiBj?=
 =?UTF-8?B?aGFyZ2Vz?=
2022-10-10 18:02:24,214:WARNING:Email_Subject = =?utf-8?Q?IDrive:_Bonjour_je_dois_supprimer_mon_adresse_mail_act?=
 =?utf-8?Q?uellement_li=C3=A9e_=C3=A0_LinkedIn._Comment_puis_attr?=
 =?utf-8?Q?ibuer_mon_compte_=C3=A0_une_autre_adresse_mail_=3F_?= : Parsed Subject = =?utf-8?Q?IDrive:_Bonjour_je_dois_supprimer_mon_adresse_mail_act?=
 =?utf-8?Q?uellement_li=C3=A9e_=C3=A0_LinkedIn._Comment_puis_attr?=
 =?utf-8?Q?ibuer_mon_compte_=C3=A0_une_autre_adresse_mail_=3F_?=
2022-10-10 18:02:28,331:WARNING:Email_Subject = Re: Request received - Ticket ID: 18612 - SoundCloud : Parsed Subject = Re: Request received - Ticket ID: 18612 - SoundCloud
2022-10-10 18:02:36,095:WARNING:Email_Subject = =?utf-8?Q?=E2=80=9CWorkingCopy=40MuhammadsiPhone-02082022=E2=80=9D?= : Parsed Subject = =?utf-8?Q?=E2=80=9CWorkingCopy=40MuhammadsiPhone-02082022=E2=80=9D?=
2022-10-10 18:02:38,618:WARNING:Email_Subject = Connection Error at Oregon : Parsed Subject = Connection Error at Oregon
2022-10-10 18:02:39,153:WARNING:Email_Subject = Connection Error at Oregon : Parsed Subject = Connection Error at Oregon
2022-10-10 18:02:40,160:WARNING:Email_Subject = Connection Error at Oregon : Parsed Subject = Connection Error at Oregon
2022-10-10 18:02:40,603:WARNING:Email_Subject = Connection Error at Oregon : Parsed Subject = Connection Error at Oregon
2022-10-10 18:02:41,153:WARNING:Email_Subject = Connection Error at Oregon : Parsed Subject = Connection Error at Oregon
2022-10-10 18:02:41,539:WARNING:Email_Subject = Connection Error at Oregon : Parsed Subject = Connection Error at Oregon
2022-10-10 18:02:41,943:WARNING:Email_Subject = Connection Error at Oregon : Parsed Subject = Connection Error at Oregon
2022-10-10 18:02:42,543:WARNING:Email_Subject = Connection Error at Oregon : Parsed Subject = Connection Error at Oregon
2022-10-10 18:02:42,897:WARNING:Email_Subject = Connection Error at Oregon : Parsed Subject = Connection Error at Oregon
2022-10-10 18:02:43,284:WARNING:Email_Subject = Connection Error at Oregon : Parsed Subject = Connection Error at Oregon
2022-10-10 18:02:43,914:WARNING:Email_Subject = T20221002.0002 - Your Ticket Has Been Received : Parsed Subject = T20221002.0002 - Your Ticket Has Been Received
2022-10-10 18:03:24,843:WARNING:Email_Subject = =?UTF-8?Q?IDrive_:_I_can=E2=80=99t_get_into_my_ac?=
 =?UTF-8?Q?count_to_pay._There=E2=80=99s_no_For...?= : Parsed Subject = =?UTF-8?Q?IDrive_:_I_can=E2=80=99t_get_into_my_ac?=
 =?UTF-8?Q?count_to_pay._There=E2=80=99s_no_For...?=
2022-10-10 18:03:35,040:WARNING:Email_Subject = IDrive account cancellation script failed : Parsed Subject = IDrive account cancellation script failed
2022-10-10 18:03:36,867:WARNING:Email_Subject = IDrive account cancellation script failed : Parsed Subject = IDrive account cancellation script failed
2022-10-10 18:03:58,200:WARNING:Email_Subject = Rake in the Fall Appliance Savings Today : Parsed Subject = Rake in the Fall Appliance Savings Today
2022-10-10 18:04:00,722:WARNING:Email_Subject = Will you commit to these 4 things? : Parsed Subject = Will you commit to these 4 things?
2022-10-10 18:04:19,938:WARNING:Email_Subject = RE: iDrive E2 Support on WordPress Sites : Parsed Subject = RE: iDrive E2 Support on WordPress Sites
2022-10-10 18:04:20,829:WARNING:Email_Subject = RE: iDrive E2 Support on WordPress Sites : Parsed Subject = RE: iDrive E2 Support on WordPress Sites
2022-10-10 18:04:22,885:WARNING:Email_Subject = =?utf-8?B?R3VucywgYXBwbGUgcGllIOKApiBhbmQgcGlja3VwIHRydWNrcw==?= : Parsed Subject = =?utf-8?B?R3VucywgYXBwbGUgcGllIOKApiBhbmQgcGlja3VwIHRydWNrcw==?=
2022-10-10 18:04:23,780:WARNING:Email_Subject = IDrive account cancellation script failed : Parsed Subject = IDrive account cancellation script failed
2022-10-10 18:04:24,202:WARNING:Email_Subject = IDrive account cancellation script failed : Parsed Subject = IDrive account cancellation script failed
2022-10-10 18:04:24,711:WARNING:Email_Subject = IDrive account cancellation script failed : Parsed Subject = IDrive account cancellation script failed
2022-10-10 18:04:25,283:WARNING:Email_Subject = IDrive account cancellation script failed : Parsed Subject = IDrive account cancellation script failed
2022-10-10 18:04:25,285:WARNING:Email_Subject = IDrive account cancellation script failed : Parsed Subject = IDrive account cancellation script failed
2022-10-10 18:04:25,717:WARNING:Email_Subject = IDrive account cancellation script failed : Parsed Subject = IDrive account cancellation script failed
2022-10-10 18:04:26,475:WARNING:Email_Subject = IDrive account cancellation script failed : Parsed Subject = IDrive account cancellation script failed
2022-10-10 18:04:26,495:WARNING:Email_Subject = IDrive account cancellation script failed : Parsed Subject = IDrive account cancellation script failed
2022-10-10 18:04:26,822:WARNING:Email_Subject = IDrive account cancellation script failed : Parsed Subject = IDrive account cancellation script failed
2022-10-10 18:04:26,888:WARNING:Email_Subject = IDrive account cancellation script failed : Parsed Subject = IDrive account cancellation script failed
2022-10-10 18:04:27,387:WARNING:Email_Subject = IDrive account cancellation script failed : Parsed Subject = IDrive account cancellation script failed
2022-10-10 18:04:27,515:WARNING:Email_Subject = IDrive account cancellation script failed : Parsed Subject = IDrive account cancellation script failed
2022-10-10 18:04:30,962:WARNING:Email_Subject = Your Google data is ready to download : Parsed Subject = Your Google data is ready to download
2022-10-10 18:04:50,192:WARNING:Email_Subject = =?utf-8?B?V2lsbCB5b3Ugc2F5IOKAnFllc+KAnT8=?= : Parsed Subject = =?utf-8?B?V2lsbCB5b3Ugc2F5IOKAnFllc+KAnT8=?=
2022-10-10 18:05:05,559:WARNING:Email_Subject =  : Parsed Subject = 
2022-10-10 18:05:07,323:WARNING:Email_Subject =  : Parsed Subject = 
2022-10-10 18:05:08,731:WARNING:Email_Subject =  : Parsed Subject = 
2022-10-10 18:05:09,394:WARNING:Email_Subject =  : Parsed Subject = 
2022-10-10 18:05:19,232:WARNING:Email_Subject = Moderator's spam report for supportgroup@idrive.com : Parsed Subject = Moderator's spam report for supportgroup@idrive.com
2022-10-10 18:05:19,986:WARNING:Email_Subject = Moderator's spam report for supportgroup@idrive.com : Parsed Subject = Moderator's spam report for supportgroup@idrive.com
2022-10-10 18:05:25,983:WARNING:Email_Subject = IDrive: I was asked to do this! Hopefully it automatically sends the
 Logs you referred to. Problem had initially that Timeline had stuck at June
 3rd 2021 . That was partially solved when App updated, but subsequently the
 timeline tended to buffer, then App crashed. : Parsed Subject = IDrive: I was asked to do this! Hopefully it automatically sends the
 Logs you referred to. Problem had initially that Timeline had stuck at June
 3rd 2021 . That was partially solved when App updated, but subsequently the
 timeline tended to buffer, then App crashed.
2022-10-10 18:05:32,261:WARNING:Email_Subject =  : Parsed Subject = 
2022-10-10 18:05:41,994:WARNING:Email_Subject = RE: IDrive 360: Hello,I am unable to log into my iDrive account. We
  are currently on the free trial, but when I type in my email and password,
  followed by the OTP on my Authenticator App, I cannot progress. After I hit
  submit on the sign in page, it... : Parsed Subject = RE: IDrive 360: Hello,I am unable to log into my iDrive account. We
  are currently on the free trial, but when I type in my email and password,
  followed by the OTP on my Authenticator App, I cannot progress. After I hit
  submit on the sign in page, it...
2022-10-10 18:05:53,405:WARNING:Email_Subject = =?ISO-8859-1?Q?N=E3o_consigo_fazer_o_cadastro?= : Parsed Subject = =?ISO-8859-1?Q?N=E3o_consigo_fazer_o_cadastro?=
2022-10-10 18:06:00,111:WARNING:Email_Subject = =?UTF-8?Q?Re=3A_IDrive=3A_I=E2=80=99m_unable_to_see_my_cloud_drive=2C_it_s?=
	=?UTF-8?Q?ays_failed_=5B=23ID320084824=5D?= : Parsed Subject = =?UTF-8?Q?Re=3A_IDrive=3A_I=E2=80=99m_unable_to_see_my_cloud_drive=2C_it_s?=
	=?UTF-8?Q?ays_failed_=5B=23ID320084824=5D?=
2022-10-10 18:06:04,966:WARNING:Email_Subject = IDrive : Parsed Subject = IDrive
2022-10-10 18:06:09,182:WARNING:Email_Subject = =?iso-8859-1?Q?Coment=E1rios_se_passageiro_?= : Parsed Subject = =?iso-8859-1?Q?Coment=E1rios_se_passageiro_?=
2022-10-10 18:06:20,289:WARNING:Email_Subject = Moderator's spam report for supportgroup@idrive.com : Parsed Subject = Moderator's spam report for supportgroup@idrive.com
2022-10-10 18:06:21,234:WARNING:Email_Subject = It's not too late! (but it will be soon) : Parsed Subject = It's not too late! (but it will be soon)
2022-10-10 18:06:39,937:WARNING:Email_Subject = =?utf-8?Q?=E2=80=9CWorkingCopy=40MuhammadsiPhone-02082022_2?=
 =?utf-8?Q?=E2=80=9D?= : Parsed Subject = =?utf-8?Q?=E2=80=9CWorkingCopy=40MuhammadsiPhone-02082022_2?=
 =?utf-8?Q?=E2=80=9D?=
2022-10-10 18:06:40,175:WARNING:Email_Subject = =?utf-8?Q?=E2=80=9CWorkingCopy=40MuhammadsiPhone-02082022_2?=
 =?utf-8?Q?=E2=80=9D?= : Parsed Subject = =?utf-8?Q?=E2=80=9CWorkingCopy=40MuhammadsiPhone-02082022_2?=
 =?utf-8?Q?=E2=80=9D?=
2022-10-10 18:06:40,380:WARNING:Email_Subject = =?utf-8?Q?=E2=80=9CWorkingCopy=40MuhammadsiPhone-02082022_2?=
 =?utf-8?Q?=E2=80=9D?= : Parsed Subject = =?utf-8?Q?=E2=80=9CWorkingCopy=40MuhammadsiPhone-02082022_2?=
 =?utf-8?Q?=E2=80=9D?=
2022-10-10 18:06:40,812:WARNING:Email_Subject = =?utf-8?Q?=E2=80=9CWorkingCopy=40MuhammadsiPhone-02082022_2?=
 =?utf-8?Q?=E2=80=9D?= : Parsed Subject = =?utf-8?Q?=E2=80=9CWorkingCopy=40MuhammadsiPhone-02082022_2?=
 =?utf-8?Q?=E2=80=9D?=
